Virtual User Script started at: 22.12.2024 17:54:36	[MsgId: MMSG-15967]
Starting action vuser_init.	[MsgId: MMSG-15919]
Web Turbo Replay of LoadRunner 2020.0.0 for Windows 10; build 793 (ноя 27 2019 19:51:20)  	[MsgId: MMSG-26983]
Run mode: HTML  	[MsgId: MMSG-26993]
Replay user agent: Mozilla/5.0 (compatible; MSIE 10.0; Windows NT 6.1; Trident/6.0)  	[MsgId: MMSG-26988]
Runtime Settings file: "C:\Users\Anastasia\AppData\Local\Temp\lr5tmpdirrSr.854\lrcfgLMd.855\cfgPKC.893"  	[MsgId: MMSG-27141]
Ending action vuser_init.	[MsgId: MMSG-15918]
Running Vuser...	[MsgId: MMSG-15964]
Starting iteration 1.	[MsgId: MMSG-15968]
Maximum number of concurrent connections per server: 6  	[MsgId: MMSG-26989]
Starting action uc_01_registration_new_users_choose_flights.	[MsgId: MMSG-15919]
uc_01_registration_new_users_choose_flights.c(7): Notify: Transaction "uc_01_registration_new_users_choose_flights" started.	[MsgId: MMSG-16999]
uc_01_registration_new_users_choose_flights.c(9): Notify: Transaction "open_start_page" started.	[MsgId: MMSG-16999]
uc_01_registration_new_users_choose_flights.c(11): web_add_header("Sec-Fetch-Dest") started  	[MsgId: MMSG-26355]
uc_01_registration_new_users_choose_flights.c(11): web_add_header("Sec-Fetch-Dest") was successful  	[MsgId: MMSG-26392]
uc_01_registration_new_users_choose_flights.c(14): web_add_header("Sec-Fetch-Mode") started  	[MsgId: MMSG-26355]
uc_01_registration_new_users_choose_flights.c(14): web_add_header("Sec-Fetch-Mode") was successful  	[MsgId: MMSG-26392]
uc_01_registration_new_users_choose_flights.c(17): web_add_header("Sec-Fetch-Site") started  	[MsgId: MMSG-26355]
uc_01_registration_new_users_choose_flights.c(17): web_add_header("Sec-Fetch-Site") was successful  	[MsgId: MMSG-26392]
uc_01_registration_new_users_choose_flights.c(20): web_add_header("Sec-Fetch-User") started  	[MsgId: MMSG-26355]
uc_01_registration_new_users_choose_flights.c(20): web_add_header("Sec-Fetch-User") was successful  	[MsgId: MMSG-26392]
uc_01_registration_new_users_choose_flights.c(23): web_add_auto_header("Upgrade-Insecure-Requests") started  	[MsgId: MMSG-26355]
uc_01_registration_new_users_choose_flights.c(23): web_add_auto_header("Upgrade-Insecure-Requests") was successful  	[MsgId: MMSG-26392]
uc_01_registration_new_users_choose_flights.c(26): web_add_auto_header("sec-ch-ua") started  	[MsgId: MMSG-26355]
uc_01_registration_new_users_choose_flights.c(26): web_add_auto_header("sec-ch-ua") was successful  	[MsgId: MMSG-26392]
uc_01_registration_new_users_choose_flights.c(29): web_add_auto_header("sec-ch-ua-mobile") started  	[MsgId: MMSG-26355]
uc_01_registration_new_users_choose_flights.c(29): web_add_auto_header("sec-ch-ua-mobile") was successful  	[MsgId: MMSG-26392]
uc_01_registration_new_users_choose_flights.c(32): web_add_auto_header("sec-ch-ua-platform") started  	[MsgId: MMSG-26355]
uc_01_registration_new_users_choose_flights.c(32): web_add_auto_header("sec-ch-ua-platform") was successful  	[MsgId: MMSG-26392]
uc_01_registration_new_users_choose_flights.c(35): web_reg_find started  	[MsgId: MMSG-26355]
uc_01_registration_new_users_choose_flights.c(35): Registering web_reg_find was successful  	[MsgId: MMSG-26390]
uc_01_registration_new_users_choose_flights.c(40): web_url("WebTours") started  	[MsgId: MMSG-26355]
uc_01_registration_new_users_choose_flights.c(40): Notify: Parameter Substitution: parameter "HOST" =  "localhost"	[MsgId: MMSG-13992]
uc_01_registration_new_users_choose_flights.c(40): Notify: Next row for parameter PORT = 1 [table  = PORT].	[MsgId: MMSG-13876]
uc_01_registration_new_users_choose_flights.c(40): Notify: Parameter Substitution: parameter "PORT" =  "1080"	[MsgId: MMSG-13992]
uc_01_registration_new_users_choose_flights.c(40): Detected non-resource "http://localhost:1080/WebTours/header.html" in "http://localhost:1080/WebTours/"  	[MsgId: MMSG-26574]
uc_01_registration_new_users_choose_flights.c(40): Detected non-resource "http://localhost:1080/cgi-bin/welcome.pl?signOff=true" in "http://localhost:1080/WebTours/"  	[MsgId: MMSG-26574]
uc_01_registration_new_users_choose_flights.c(40): Found resource "http://localhost:1080/WebTours/images/hp_logo.png" in HTML "http://localhost:1080/WebTours/header.html"  	[MsgId: MMSG-26659]
uc_01_registration_new_users_choose_flights.c(40): Found resource "http://localhost:1080/WebTours/images/webtours.png" in HTML "http://localhost:1080/WebTours/header.html"  	[MsgId: MMSG-26659]
uc_01_registration_new_users_choose_flights.c(40): Detected non-resource "http://localhost:1080/cgi-bin/nav.pl?in=home" in "http://localhost:1080/cgi-bin/welcome.pl?signOff=true"  	[MsgId: MMSG-26574]
uc_01_registration_new_users_choose_flights.c(40): Detected non-resource "http://localhost:1080/WebTours/home.html" in "http://localhost:1080/cgi-bin/welcome.pl?signOff=true"  	[MsgId: MMSG-26574]
uc_01_registration_new_users_choose_flights.c(40): Found resource "http://localhost:1080/WebTours/images/mer_login.gif" in HTML "http://localhost:1080/cgi-bin/nav.pl?in=home"  	[MsgId: MMSG-26659]
uc_01_registration_new_users_choose_flights.c(40): Registered web_reg_find successful for "Text=Web Tours" (count=6)  	[MsgId: MMSG-26364]
uc_01_registration_new_users_choose_flights.c(40): web_url("WebTours") was successful, 10072 body bytes, 2371 header bytes, 24 chunking overhead bytes  	[MsgId: MMSG-26385]
uc_01_registration_new_users_choose_flights.c(48): web_url("header.html") started  	[MsgId: MMSG-26355]
uc_01_registration_new_users_choose_flights.c(48): Notify: Parameter Substitution: parameter "HOST" =  "localhost"	[MsgId: MMSG-13992]
uc_01_registration_new_users_choose_flights.c(48): Notify: Next row for parameter PORT = 1 [table  = PORT].	[MsgId: MMSG-13876]
uc_01_registration_new_users_choose_flights.c(48): Notify: Parameter Substitution: parameter "PORT" =  "1080"	[MsgId: MMSG-13992]
uc_01_registration_new_users_choose_flights.c(48): Notify: Parameter Substitution: parameter "HOST" =  "localhost"	[MsgId: MMSG-13992]
uc_01_registration_new_users_choose_flights.c(48): Notify: Next row for parameter PORT = 1 [table  = PORT].	[MsgId: MMSG-13876]
uc_01_registration_new_users_choose_flights.c(48): Notify: Parameter Substitution: parameter "PORT" =  "1080"	[MsgId: MMSG-13992]
uc_01_registration_new_users_choose_flights.c(48): Retrieving data from cache for "http://localhost:1080/WebTours/header.html"  	[MsgId: MMSG-26558]
uc_01_registration_new_users_choose_flights.c(48): Resource "http://localhost:1080/WebTours/images/hp_logo.png" is in the cache already and will not be downloaded again  	[MsgId: MMSG-26655]
uc_01_registration_new_users_choose_flights.c(48): Resource "http://localhost:1080/WebTours/images/webtours.png" is in the cache already and will not be downloaded again  	[MsgId: MMSG-26655]
uc_01_registration_new_users_choose_flights.c(48): web_url("header.html") was successful, 0 body bytes, 0 header bytes  	[MsgId: MMSG-26386]
uc_01_registration_new_users_choose_flights.c(57): web_add_auto_header("Sec-Fetch-Dest") started  	[MsgId: MMSG-26355]
uc_01_registration_new_users_choose_flights.c(57): web_add_auto_header("Sec-Fetch-Dest") was successful  	[MsgId: MMSG-26392]
uc_01_registration_new_users_choose_flights.c(60): web_add_auto_header("Sec-Fetch-Mode") started  	[MsgId: MMSG-26355]
uc_01_registration_new_users_choose_flights.c(60): web_add_auto_header("Sec-Fetch-Mode") was successful  	[MsgId: MMSG-26392]
uc_01_registration_new_users_choose_flights.c(63): web_add_auto_header("Sec-Fetch-Site") started  	[MsgId: MMSG-26355]
uc_01_registration_new_users_choose_flights.c(63): web_add_auto_header("Sec-Fetch-Site") was successful  	[MsgId: MMSG-26392]
uc_01_registration_new_users_choose_flights.c(66): web_reg_find started  	[MsgId: MMSG-26355]
uc_01_registration_new_users_choose_flights.c(66): Registering web_reg_find was successful  	[MsgId: MMSG-26390]
uc_01_registration_new_users_choose_flights.c(71): web_url("welcome.pl") started  	[MsgId: MMSG-26355]
uc_01_registration_new_users_choose_flights.c(71): Notify: Parameter Substitution: parameter "HOST" =  "localhost"	[MsgId: MMSG-13992]
uc_01_registration_new_users_choose_flights.c(71): Notify: Next row for parameter PORT = 1 [table  = PORT].	[MsgId: MMSG-13876]
uc_01_registration_new_users_choose_flights.c(71): Notify: Parameter Substitution: parameter "PORT" =  "1080"	[MsgId: MMSG-13992]
uc_01_registration_new_users_choose_flights.c(71): Notify: Parameter Substitution: parameter "HOST" =  "localhost"	[MsgId: MMSG-13992]
uc_01_registration_new_users_choose_flights.c(71): Notify: Next row for parameter PORT = 1 [table  = PORT].	[MsgId: MMSG-13876]
uc_01_registration_new_users_choose_flights.c(71): Notify: Parameter Substitution: parameter "PORT" =  "1080"	[MsgId: MMSG-13992]
uc_01_registration_new_users_choose_flights.c(71): Detected non-resource "http://localhost:1080/cgi-bin/nav.pl?in=home" in "http://localhost:1080/cgi-bin/welcome.pl?signOff=true"  	[MsgId: MMSG-26574]
uc_01_registration_new_users_choose_flights.c(71): Detected non-resource "http://localhost:1080/WebTours/home.html" in "http://localhost:1080/cgi-bin/welcome.pl?signOff=true"  	[MsgId: MMSG-26574]
uc_01_registration_new_users_choose_flights.c(71): Retrieving data from cache for "http://localhost:1080/WebTours/home.html"  	[MsgId: MMSG-26558]
uc_01_registration_new_users_choose_flights.c(71): Resource "http://localhost:1080/WebTours/images/mer_login.gif" is in the cache already and will not be downloaded again  	[MsgId: MMSG-26655]
uc_01_registration_new_users_choose_flights.c(71): Registered web_reg_find successful for "Text=Web Tours" (count=5)  	[MsgId: MMSG-26364]
uc_01_registration_new_users_choose_flights.c(71): web_url("welcome.pl") was successful, 2168 body bytes, 582 header bytes, 24 chunking overhead bytes  	[MsgId: MMSG-26385]
uc_01_registration_new_users_choose_flights.c(80): web_reg_save_param_ex started  	[MsgId: MMSG-26355]
uc_01_registration_new_users_choose_flights.c(80): Registering web_reg_save_param_ex was successful  	[MsgId: MMSG-26390]
uc_01_registration_new_users_choose_flights.c(89): web_reg_find started  	[MsgId: MMSG-26355]
uc_01_registration_new_users_choose_flights.c(89): Registering web_reg_find was successful  	[MsgId: MMSG-26390]
uc_01_registration_new_users_choose_flights.c(94): web_url("nav.pl") started  	[MsgId: MMSG-26355]
uc_01_registration_new_users_choose_flights.c(94): Notify: Parameter Substitution: parameter "HOST" =  "localhost"	[MsgId: MMSG-13992]
uc_01_registration_new_users_choose_flights.c(94): Notify: Next row for parameter PORT = 1 [table  = PORT].	[MsgId: MMSG-13876]
uc_01_registration_new_users_choose_flights.c(94): Notify: Parameter Substitution: parameter "PORT" =  "1080"	[MsgId: MMSG-13992]
uc_01_registration_new_users_choose_flights.c(94): Notify: Parameter Substitution: parameter "HOST" =  "localhost"	[MsgId: MMSG-13992]
uc_01_registration_new_users_choose_flights.c(94): Notify: Next row for parameter PORT = 1 [table  = PORT].	[MsgId: MMSG-13876]
uc_01_registration_new_users_choose_flights.c(94): Notify: Parameter Substitution: parameter "PORT" =  "1080"	[MsgId: MMSG-13992]
uc_01_registration_new_users_choose_flights.c(94): Notify: Saving Parameter "USERSESSION = 140532.950668287HccizzDpzftDDHVpQiVQ".	[MsgId: MMSG-13798]
uc_01_registration_new_users_choose_flights.c(94): Resource "http://localhost:1080/WebTours/images/mer_login.gif" is in the cache already and will not be downloaded again  	[MsgId: MMSG-26655]
uc_01_registration_new_users_choose_flights.c(94): Registered web_reg_find successful for "Text=Web Tours Navigation Bar" (count=1)  	[MsgId: MMSG-26364]
uc_01_registration_new_users_choose_flights.c(94): web_url("nav.pl") was successful, 1482 body bytes, 255 header bytes, 12 chunking overhead bytes  	[MsgId: MMSG-26385]
uc_01_registration_new_users_choose_flights.c(103): web_remove_auto_header("Sec-Fetch-Dest") started  	[MsgId: MMSG-26355]
uc_01_registration_new_users_choose_flights.c(103): Previous automatically added web header for "Sec-Fetch-Dest" removed  	[MsgId: MMSG-26587]
uc_01_registration_new_users_choose_flights.c(103): web_remove/revert_auto_header("Sec-Fetch-Dest") was successful  	[MsgId: MMSG-26392]
uc_01_registration_new_users_choose_flights.c(105): web_remove_auto_header("Sec-Fetch-Mode") started  	[MsgId: MMSG-26355]
uc_01_registration_new_users_choose_flights.c(105): Previous automatically added web header for "Sec-Fetch-Mode" removed  	[MsgId: MMSG-26587]
uc_01_registration_new_users_choose_flights.c(105): web_remove/revert_auto_header("Sec-Fetch-Mode") was successful  	[MsgId: MMSG-26392]
uc_01_registration_new_users_choose_flights.c(107): web_remove_auto_header("Sec-Fetch-Site") started  	[MsgId: MMSG-26355]
uc_01_registration_new_users_choose_flights.c(107): Previous automatically added web header for "Sec-Fetch-Site" removed  	[MsgId: MMSG-26587]
uc_01_registration_new_users_choose_flights.c(107): web_remove/revert_auto_header("Sec-Fetch-Site") was successful  	[MsgId: MMSG-26392]
uc_01_registration_new_users_choose_flights.c(109): web_reg_find started  	[MsgId: MMSG-26355]
uc_01_registration_new_users_choose_flights.c(109): Registering web_reg_find was successful  	[MsgId: MMSG-26390]
uc_01_registration_new_users_choose_flights.c(114): web_url("home.html") started  	[MsgId: MMSG-26355]
uc_01_registration_new_users_choose_flights.c(114): Notify: Parameter Substitution: parameter "HOST" =  "localhost"	[MsgId: MMSG-13992]
uc_01_registration_new_users_choose_flights.c(114): Notify: Next row for parameter PORT = 1 [table  = PORT].	[MsgId: MMSG-13876]
uc_01_registration_new_users_choose_flights.c(114): Notify: Parameter Substitution: parameter "PORT" =  "1080"	[MsgId: MMSG-13992]
uc_01_registration_new_users_choose_flights.c(114): Notify: Parameter Substitution: parameter "HOST" =  "localhost"	[MsgId: MMSG-13992]
uc_01_registration_new_users_choose_flights.c(114): Notify: Next row for parameter PORT = 1 [table  = PORT].	[MsgId: MMSG-13876]
uc_01_registration_new_users_choose_flights.c(114): Notify: Parameter Substitution: parameter "PORT" =  "1080"	[MsgId: MMSG-13992]
uc_01_registration_new_users_choose_flights.c(114): Retrieving data from cache for "http://localhost:1080/WebTours/home.html"  	[MsgId: MMSG-26558]
uc_01_registration_new_users_choose_flights.c(114): Registered web_reg_find successful for "Text=Web Tours" (count=3)  	[MsgId: MMSG-26364]
uc_01_registration_new_users_choose_flights.c(114): web_url("home.html") was successful, 0 body bytes, 0 header bytes  	[MsgId: MMSG-26386]
uc_01_registration_new_users_choose_flights.c(123): Notify: Transaction "open_start_page" ended with a "Pass" status (Duration: 0,2044 Wasted Time: 0,0002).	[MsgId: MMSG-16871]
uc_01_registration_new_users_choose_flights.c(125): lr_think_time: 2,00 seconds.	[MsgId: MMSG-15948]
uc_01_registration_new_users_choose_flights.c(127): Notify: Transaction "customer_profile" started.	[MsgId: MMSG-16999]
uc_01_registration_new_users_choose_flights.c(129): web_add_header("Sec-Fetch-Dest") started  	[MsgId: MMSG-26355]
uc_01_registration_new_users_choose_flights.c(129): web_add_header("Sec-Fetch-Dest") was successful  	[MsgId: MMSG-26392]
uc_01_registration_new_users_choose_flights.c(132): web_add_header("Sec-Fetch-Mode") started  	[MsgId: MMSG-26355]
uc_01_registration_new_users_choose_flights.c(132): web_add_header("Sec-Fetch-Mode") was successful  	[MsgId: MMSG-26392]
uc_01_registration_new_users_choose_flights.c(135): web_add_header("Sec-Fetch-Site") started  	[MsgId: MMSG-26355]
uc_01_registration_new_users_choose_flights.c(135): web_add_header("Sec-Fetch-Site") was successful  	[MsgId: MMSG-26392]
uc_01_registration_new_users_choose_flights.c(138): web_add_header("Sec-Fetch-User") started  	[MsgId: MMSG-26355]
uc_01_registration_new_users_choose_flights.c(138): web_add_header("Sec-Fetch-User") was successful  	[MsgId: MMSG-26392]
uc_01_registration_new_users_choose_flights.c(141): web_add_header("Upgrade-Insecure-Requests") started  	[MsgId: MMSG-26355]
uc_01_registration_new_users_choose_flights.c(141): web_add_header("Upgrade-Insecure-Requests") was successful  	[MsgId: MMSG-26392]
uc_01_registration_new_users_choose_flights.c(144): web_add_header("sec-ch-ua") started  	[MsgId: MMSG-26355]
uc_01_registration_new_users_choose_flights.c(144): web_add_header("sec-ch-ua") was successful  	[MsgId: MMSG-26392]
uc_01_registration_new_users_choose_flights.c(147): web_add_header("sec-ch-ua-mobile") started  	[MsgId: MMSG-26355]
uc_01_registration_new_users_choose_flights.c(147): web_add_header("sec-ch-ua-mobile") was successful  	[MsgId: MMSG-26392]
uc_01_registration_new_users_choose_flights.c(150): web_add_header("sec-ch-ua-platform") started  	[MsgId: MMSG-26355]
uc_01_registration_new_users_choose_flights.c(150): web_add_header("sec-ch-ua-platform") was successful  	[MsgId: MMSG-26392]
uc_01_registration_new_users_choose_flights.c(153): web_reg_find started  	[MsgId: MMSG-26355]
uc_01_registration_new_users_choose_flights.c(153): Registering web_reg_find was successful  	[MsgId: MMSG-26390]
uc_01_registration_new_users_choose_flights.c(158): web_url("login.pl") started  	[MsgId: MMSG-26355]
uc_01_registration_new_users_choose_flights.c(158): Notify: Parameter Substitution: parameter "HOST" =  "localhost"	[MsgId: MMSG-13992]
uc_01_registration_new_users_choose_flights.c(158): Notify: Next row for parameter PORT = 1 [table  = PORT].	[MsgId: MMSG-13876]
uc_01_registration_new_users_choose_flights.c(158): Notify: Parameter Substitution: parameter "PORT" =  "1080"	[MsgId: MMSG-13992]
uc_01_registration_new_users_choose_flights.c(158): Notify: Parameter Substitution: parameter "HOST" =  "localhost"	[MsgId: MMSG-13992]
uc_01_registration_new_users_choose_flights.c(158): Notify: Next row for parameter PORT = 1 [table  = PORT].	[MsgId: MMSG-13876]
uc_01_registration_new_users_choose_flights.c(158): Notify: Parameter Substitution: parameter "PORT" =  "1080"	[MsgId: MMSG-13992]
uc_01_registration_new_users_choose_flights.c(158): Found resource "http://localhost:1080/WebTours/profileValidate.js" in HTML "http://localhost:1080/cgi-bin/login.pl?username=&password=&getInfo=true"  	[MsgId: MMSG-26659]
uc_01_registration_new_users_choose_flights.c(158): Found resource "http://localhost:1080/WebTours/images/button_next.gif" in HTML "http://localhost:1080/cgi-bin/login.pl?username=&password=&getInfo=true"  	[MsgId: MMSG-26659]
uc_01_registration_new_users_choose_flights.c(158): Registered web_reg_find successful for "Text=User Information" (count=1)  	[MsgId: MMSG-26364]
uc_01_registration_new_users_choose_flights.c(158): web_url("login.pl") was successful, 14475 body bytes, 838 header bytes, 12 chunking overhead bytes  	[MsgId: MMSG-26385]
uc_01_registration_new_users_choose_flights.c(167): Notify: Transaction "customer_profile" ended with a "Pass" status (Duration: 0,0414 Wasted Time: 0,0000).	[MsgId: MMSG-16871]
uc_01_registration_new_users_choose_flights.c(169): lr_think_time: 5,00 seconds.	[MsgId: MMSG-15948]
uc_01_registration_new_users_choose_flights.c(171): Notify: Transaction "confirmation" started.	[MsgId: MMSG-16999]
uc_01_registration_new_users_choose_flights.c(175): Notify: Saving Parameter "randomPARAMETERS = jgbpMdJAbd".	[MsgId: MMSG-13798]
uc_01_registration_new_users_choose_flights.c(177): web_add_header("Origin") started  	[MsgId: MMSG-26355]
uc_01_registration_new_users_choose_flights.c(177): Notify: Parameter Substitution: parameter "HOST" =  "localhost"	[MsgId: MMSG-13992]
uc_01_registration_new_users_choose_flights.c(177): Notify: Next row for parameter PORT = 1 [table  = PORT].	[MsgId: MMSG-13876]
uc_01_registration_new_users_choose_flights.c(177): Notify: Parameter Substitution: parameter "PORT" =  "1080"	[MsgId: MMSG-13992]
uc_01_registration_new_users_choose_flights.c(177): web_add_header("Origin") was successful  	[MsgId: MMSG-26392]
uc_01_registration_new_users_choose_flights.c(180): web_add_header("Sec-Fetch-Dest") started  	[MsgId: MMSG-26355]
uc_01_registration_new_users_choose_flights.c(180): web_add_header("Sec-Fetch-Dest") was successful  	[MsgId: MMSG-26392]
uc_01_registration_new_users_choose_flights.c(183): web_add_header("Sec-Fetch-Mode") started  	[MsgId: MMSG-26355]
uc_01_registration_new_users_choose_flights.c(183): web_add_header("Sec-Fetch-Mode") was successful  	[MsgId: MMSG-26392]
uc_01_registration_new_users_choose_flights.c(186): web_add_header("Sec-Fetch-Site") started  	[MsgId: MMSG-26355]
uc_01_registration_new_users_choose_flights.c(186): web_add_header("Sec-Fetch-Site") was successful  	[MsgId: MMSG-26392]
uc_01_registration_new_users_choose_flights.c(189): web_add_header("Sec-Fetch-User") started  	[MsgId: MMSG-26355]
uc_01_registration_new_users_choose_flights.c(189): web_add_header("Sec-Fetch-User") was successful  	[MsgId: MMSG-26392]
uc_01_registration_new_users_choose_flights.c(192): web_add_header("Upgrade-Insecure-Requests") started  	[MsgId: MMSG-26355]
uc_01_registration_new_users_choose_flights.c(192): web_add_header("Upgrade-Insecure-Requests") was successful  	[MsgId: MMSG-26392]
uc_01_registration_new_users_choose_flights.c(195): web_add_header("sec-ch-ua") started  	[MsgId: MMSG-26355]
uc_01_registration_new_users_choose_flights.c(195): web_add_header("sec-ch-ua") was successful  	[MsgId: MMSG-26392]
uc_01_registration_new_users_choose_flights.c(198): web_add_header("sec-ch-ua-mobile") started  	[MsgId: MMSG-26355]
uc_01_registration_new_users_choose_flights.c(198): web_add_header("sec-ch-ua-mobile") was successful  	[MsgId: MMSG-26392]
uc_01_registration_new_users_choose_flights.c(201): web_add_header("sec-ch-ua-platform") started  	[MsgId: MMSG-26355]
uc_01_registration_new_users_choose_flights.c(201): web_add_header("sec-ch-ua-platform") was successful  	[MsgId: MMSG-26392]
uc_01_registration_new_users_choose_flights.c(204): web_reg_find started  	[MsgId: MMSG-26355]
uc_01_registration_new_users_choose_flights.c(204): Notify: Parameter Substitution: parameter "randomPARAMETERS" =  "jgbpMdJAbd"	[MsgId: MMSG-13992]
uc_01_registration_new_users_choose_flights.c(204): Registering web_reg_find was successful  	[MsgId: MMSG-26390]
uc_01_registration_new_users_choose_flights.c(209): web_submit_data("login.pl") started  	[MsgId: MMSG-26355]
uc_01_registration_new_users_choose_flights.c(209): Notify: Parameter Substitution: parameter "HOST" =  "localhost"	[MsgId: MMSG-13992]
uc_01_registration_new_users_choose_flights.c(209): Notify: Next row for parameter PORT = 1 [table  = PORT].	[MsgId: MMSG-13876]
uc_01_registration_new_users_choose_flights.c(209): Notify: Parameter Substitution: parameter "PORT" =  "1080"	[MsgId: MMSG-13992]
uc_01_registration_new_users_choose_flights.c(209): Notify: Parameter Substitution: parameter "HOST" =  "localhost"	[MsgId: MMSG-13992]
uc_01_registration_new_users_choose_flights.c(209): Notify: Next row for parameter PORT = 1 [table  = PORT].	[MsgId: MMSG-13876]
uc_01_registration_new_users_choose_flights.c(209): Notify: Parameter Substitution: parameter "PORT" =  "1080"	[MsgId: MMSG-13992]
uc_01_registration_new_users_choose_flights.c(209): Notify: Parameter Substitution: parameter "randomPARAMETERS" =  "jgbpMdJAbd"	[MsgId: MMSG-13992]
uc_01_registration_new_users_choose_flights.c(209): Notify: Parameter Substitution: parameter "randomPARAMETERS" =  "jgbpMdJAbd"	[MsgId: MMSG-13992]
uc_01_registration_new_users_choose_flights.c(209): Notify: Parameter Substitution: parameter "randomPARAMETERS" =  "jgbpMdJAbd"	[MsgId: MMSG-13992]
uc_01_registration_new_users_choose_flights.c(209): Notify: Parameter Substitution: parameter "randomPARAMETERS" =  "jgbpMdJAbd"	[MsgId: MMSG-13992]
uc_01_registration_new_users_choose_flights.c(209): Notify: Parameter Substitution: parameter "randomPARAMETERS" =  "jgbpMdJAbd"	[MsgId: MMSG-13992]
uc_01_registration_new_users_choose_flights.c(209): Notify: Parameter Substitution: parameter "randomPARAMETERS" =  "jgbpMdJAbd"	[MsgId: MMSG-13992]
uc_01_registration_new_users_choose_flights.c(209): Notify: Parameter Substitution: parameter "randomPARAMETERS" =  "jgbpMdJAbd"	[MsgId: MMSG-13992]
uc_01_registration_new_users_choose_flights.c(209): Resource "http://localhost:1080/WebTours/images/button_next.gif" is in the cache already and will not be downloaded again  	[MsgId: MMSG-26655]
uc_01_registration_new_users_choose_flights.c(209): Registered web_reg_find successful for "Text=Thank you, <b>jgbpMdJAbd</b>, for registering and welcome to the Web Tours family." (count=1)  	[MsgId: MMSG-26364]
uc_01_registration_new_users_choose_flights.c(209): web_submit_data("login.pl") was successful, 1083 body bytes, 390 header bytes, 12 chunking overhead bytes  	[MsgId: MMSG-26385]
uc_01_registration_new_users_choose_flights.c(228): Notify: Transaction "confirmation" ended with a "Pass" status (Duration: 0,0365 Wasted Time: 0,0000).	[MsgId: MMSG-16871]
uc_01_registration_new_users_choose_flights.c(230): lr_think_time: 2,00 seconds.	[MsgId: MMSG-15948]
uc_01_registration_new_users_choose_flights.c(230): Notify: Transaction "uc_01_registration_new_users_choose_flights" ended with a "Stop" status (Duration: 8,6394 Think Time: 7,0338 Wasted Time: 0,0002).	[MsgId: MMSG-16870]
Abort was called from an action.	[MsgId: MMSG-10447]
Ending Vuser...	[MsgId: MMSG-15966]
Starting action vuser_end.	[MsgId: MMSG-15919]
Ending action vuser_end.	[MsgId: MMSG-15918]
Vuser Terminated.	[MsgId: MMSG-15963]
Vuser 0 (thread 10664), ended OK."	[MsgId: MMSG-10695]
