Virtual User Script started at: 20.12.2024 16:45:23	[MsgId: MMSG-15967]
Starting action vuser_init.	[MsgId: MMSG-15919]
Web Turbo Replay of LoadRunner 2020.0.0 for Windows 10; build 793 (ноя 27 2019 19:51:20)  	[MsgId: MMSG-26983]
Run mode: HTML  	[MsgId: MMSG-26993]
Replay user agent: Mozilla/5.0 (compatible; MSIE 10.0; Windows NT 6.1; Trident/6.0)  	[MsgId: MMSG-26988]
Runtime Settings file: "C:\Users\Anastasia\AppData\Local\Temp\lr5tmpdirYjK.300\lrcfgjHD.314\cfg2ss.358"  	[MsgId: MMSG-27141]
Ending action vuser_init.	[MsgId: MMSG-15918]
Running Vuser...	[MsgId: MMSG-15964]
Starting iteration 1.	[MsgId: MMSG-15968]
Maximum number of concurrent connections per server: 6  	[MsgId: MMSG-26989]
Starting action uc_04_ticket_search_not_paid.	[MsgId: MMSG-15919]
uc_04_ticket_search_not_paid.c(3): Notify: Transaction "uc_04_ticket_search_not_paid" started.	[MsgId: MMSG-16999]
uc_04_ticket_search_not_paid.c(5): Notify: Transaction "open_start_page" started.	[MsgId: MMSG-16999]
uc_04_ticket_search_not_paid.c(7): web_add_header("Sec-Fetch-Dest") started  	[MsgId: MMSG-26355]
uc_04_ticket_search_not_paid.c(7): web_add_header("Sec-Fetch-Dest") was successful  	[MsgId: MMSG-26392]
uc_04_ticket_search_not_paid.c(10): web_add_header("Sec-Fetch-Mode") started  	[MsgId: MMSG-26355]
uc_04_ticket_search_not_paid.c(10): web_add_header("Sec-Fetch-Mode") was successful  	[MsgId: MMSG-26392]
uc_04_ticket_search_not_paid.c(13): web_add_header("Sec-Fetch-Site") started  	[MsgId: MMSG-26355]
uc_04_ticket_search_not_paid.c(13): web_add_header("Sec-Fetch-Site") was successful  	[MsgId: MMSG-26392]
uc_04_ticket_search_not_paid.c(16): web_add_header("Sec-Fetch-User") started  	[MsgId: MMSG-26355]
uc_04_ticket_search_not_paid.c(16): web_add_header("Sec-Fetch-User") was successful  	[MsgId: MMSG-26392]
uc_04_ticket_search_not_paid.c(19): web_add_auto_header("Upgrade-Insecure-Requests") started  	[MsgId: MMSG-26355]
uc_04_ticket_search_not_paid.c(19): web_add_auto_header("Upgrade-Insecure-Requests") was successful  	[MsgId: MMSG-26392]
uc_04_ticket_search_not_paid.c(22): web_add_auto_header("sec-ch-ua") started  	[MsgId: MMSG-26355]
uc_04_ticket_search_not_paid.c(22): web_add_auto_header("sec-ch-ua") was successful  	[MsgId: MMSG-26392]
uc_04_ticket_search_not_paid.c(25): web_add_auto_header("sec-ch-ua-mobile") started  	[MsgId: MMSG-26355]
uc_04_ticket_search_not_paid.c(25): web_add_auto_header("sec-ch-ua-mobile") was successful  	[MsgId: MMSG-26392]
uc_04_ticket_search_not_paid.c(28): web_add_auto_header("sec-ch-ua-platform") started  	[MsgId: MMSG-26355]
uc_04_ticket_search_not_paid.c(28): web_add_auto_header("sec-ch-ua-platform") was successful  	[MsgId: MMSG-26392]
uc_04_ticket_search_not_paid.c(31): web_reg_find started  	[MsgId: MMSG-26355]
uc_04_ticket_search_not_paid.c(31): Registering web_reg_find was successful  	[MsgId: MMSG-26390]
uc_04_ticket_search_not_paid.c(36): web_url("WebTours") started  	[MsgId: MMSG-26355]
uc_04_ticket_search_not_paid.c(36): Notify: Parameter Substitution: parameter "HOST" =  "localhost"	[MsgId: MMSG-13992]
uc_04_ticket_search_not_paid.c(36): Notify: Next row for parameter PORT = 1 [table  = PORT].	[MsgId: MMSG-13876]
uc_04_ticket_search_not_paid.c(36): Notify: Parameter Substitution: parameter "PORT" =  "1080"	[MsgId: MMSG-13992]
uc_04_ticket_search_not_paid.c(36): Detected non-resource "http://localhost:1080/WebTours/header.html" in "http://localhost:1080/WebTours/"  	[MsgId: MMSG-26574]
uc_04_ticket_search_not_paid.c(36): Detected non-resource "http://localhost:1080/cgi-bin/welcome.pl?signOff=true" in "http://localhost:1080/WebTours/"  	[MsgId: MMSG-26574]
uc_04_ticket_search_not_paid.c(36): Found resource "http://localhost:1080/WebTours/images/hp_logo.png" in HTML "http://localhost:1080/WebTours/header.html"  	[MsgId: MMSG-26659]
uc_04_ticket_search_not_paid.c(36): Found resource "http://localhost:1080/WebTours/images/webtours.png" in HTML "http://localhost:1080/WebTours/header.html"  	[MsgId: MMSG-26659]
uc_04_ticket_search_not_paid.c(36): Detected non-resource "http://localhost:1080/cgi-bin/nav.pl?in=home" in "http://localhost:1080/cgi-bin/welcome.pl?signOff=true"  	[MsgId: MMSG-26574]
uc_04_ticket_search_not_paid.c(36): Detected non-resource "http://localhost:1080/WebTours/home.html" in "http://localhost:1080/cgi-bin/welcome.pl?signOff=true"  	[MsgId: MMSG-26574]
uc_04_ticket_search_not_paid.c(36): Found resource "http://localhost:1080/WebTours/images/mer_login.gif" in HTML "http://localhost:1080/cgi-bin/nav.pl?in=home"  	[MsgId: MMSG-26659]
uc_04_ticket_search_not_paid.c(36): Registered web_reg_find successful for "Text=Web Tours" (count=6)  	[MsgId: MMSG-26364]
uc_04_ticket_search_not_paid.c(36): web_url("WebTours") was successful, 10080 body bytes, 2371 header bytes, 24 chunking overhead bytes  	[MsgId: MMSG-26385]
uc_04_ticket_search_not_paid.c(44): web_url("header.html") started  	[MsgId: MMSG-26355]
uc_04_ticket_search_not_paid.c(44): Notify: Parameter Substitution: parameter "HOST" =  "localhost"	[MsgId: MMSG-13992]
uc_04_ticket_search_not_paid.c(44): Notify: Next row for parameter PORT = 1 [table  = PORT].	[MsgId: MMSG-13876]
uc_04_ticket_search_not_paid.c(44): Notify: Parameter Substitution: parameter "PORT" =  "1080"	[MsgId: MMSG-13992]
uc_04_ticket_search_not_paid.c(44): Notify: Parameter Substitution: parameter "HOST" =  "localhost"	[MsgId: MMSG-13992]
uc_04_ticket_search_not_paid.c(44): Notify: Next row for parameter PORT = 1 [table  = PORT].	[MsgId: MMSG-13876]
uc_04_ticket_search_not_paid.c(44): Notify: Parameter Substitution: parameter "PORT" =  "1080"	[MsgId: MMSG-13992]
uc_04_ticket_search_not_paid.c(44): Retrieving data from cache for "http://localhost:1080/WebTours/header.html"  	[MsgId: MMSG-26558]
uc_04_ticket_search_not_paid.c(44): Resource "http://localhost:1080/WebTours/images/hp_logo.png" is in the cache already and will not be downloaded again  	[MsgId: MMSG-26655]
uc_04_ticket_search_not_paid.c(44): Resource "http://localhost:1080/WebTours/images/webtours.png" is in the cache already and will not be downloaded again  	[MsgId: MMSG-26655]
uc_04_ticket_search_not_paid.c(44): web_url("header.html") was successful, 0 body bytes, 0 header bytes  	[MsgId: MMSG-26386]
uc_04_ticket_search_not_paid.c(53): web_add_auto_header("Sec-Fetch-Dest") started  	[MsgId: MMSG-26355]
uc_04_ticket_search_not_paid.c(53): web_add_auto_header("Sec-Fetch-Dest") was successful  	[MsgId: MMSG-26392]
uc_04_ticket_search_not_paid.c(56): web_add_auto_header("Sec-Fetch-Mode") started  	[MsgId: MMSG-26355]
uc_04_ticket_search_not_paid.c(56): web_add_auto_header("Sec-Fetch-Mode") was successful  	[MsgId: MMSG-26392]
uc_04_ticket_search_not_paid.c(59): web_add_auto_header("Sec-Fetch-Site") started  	[MsgId: MMSG-26355]
uc_04_ticket_search_not_paid.c(59): web_add_auto_header("Sec-Fetch-Site") was successful  	[MsgId: MMSG-26392]
uc_04_ticket_search_not_paid.c(62): web_reg_find started  	[MsgId: MMSG-26355]
uc_04_ticket_search_not_paid.c(62): Registering web_reg_find was successful  	[MsgId: MMSG-26390]
uc_04_ticket_search_not_paid.c(67): web_url("welcome.pl") started  	[MsgId: MMSG-26355]
uc_04_ticket_search_not_paid.c(67): Notify: Parameter Substitution: parameter "HOST" =  "localhost"	[MsgId: MMSG-13992]
uc_04_ticket_search_not_paid.c(67): Notify: Next row for parameter PORT = 1 [table  = PORT].	[MsgId: MMSG-13876]
uc_04_ticket_search_not_paid.c(67): Notify: Parameter Substitution: parameter "PORT" =  "1080"	[MsgId: MMSG-13992]
uc_04_ticket_search_not_paid.c(67): Notify: Parameter Substitution: parameter "HOST" =  "localhost"	[MsgId: MMSG-13992]
uc_04_ticket_search_not_paid.c(67): Notify: Next row for parameter PORT = 1 [table  = PORT].	[MsgId: MMSG-13876]
uc_04_ticket_search_not_paid.c(67): Notify: Parameter Substitution: parameter "PORT" =  "1080"	[MsgId: MMSG-13992]
uc_04_ticket_search_not_paid.c(67): Detected non-resource "http://localhost:1080/cgi-bin/nav.pl?in=home" in "http://localhost:1080/cgi-bin/welcome.pl?signOff=true"  	[MsgId: MMSG-26574]
uc_04_ticket_search_not_paid.c(67): Detected non-resource "http://localhost:1080/WebTours/home.html" in "http://localhost:1080/cgi-bin/welcome.pl?signOff=true"  	[MsgId: MMSG-26574]
uc_04_ticket_search_not_paid.c(67): Retrieving data from cache for "http://localhost:1080/WebTours/home.html"  	[MsgId: MMSG-26558]
uc_04_ticket_search_not_paid.c(67): Resource "http://localhost:1080/WebTours/images/mer_login.gif" is in the cache already and will not be downloaded again  	[MsgId: MMSG-26655]
uc_04_ticket_search_not_paid.c(67): Registered web_reg_find successful for "Text=Web Tours" (count=5)  	[MsgId: MMSG-26364]
uc_04_ticket_search_not_paid.c(67): web_url("welcome.pl") was successful, 2168 body bytes, 582 header bytes, 24 chunking overhead bytes  	[MsgId: MMSG-26385]
uc_04_ticket_search_not_paid.c(76): web_reg_save_param_ex started  	[MsgId: MMSG-26355]
uc_04_ticket_search_not_paid.c(76): Registering web_reg_save_param_ex was successful  	[MsgId: MMSG-26390]
uc_04_ticket_search_not_paid.c(85): web_reg_find started  	[MsgId: MMSG-26355]
uc_04_ticket_search_not_paid.c(85): Registering web_reg_find was successful  	[MsgId: MMSG-26390]
uc_04_ticket_search_not_paid.c(90): web_url("nav.pl") started  	[MsgId: MMSG-26355]
uc_04_ticket_search_not_paid.c(90): Notify: Parameter Substitution: parameter "HOST" =  "localhost"	[MsgId: MMSG-13992]
uc_04_ticket_search_not_paid.c(90): Notify: Next row for parameter PORT = 1 [table  = PORT].	[MsgId: MMSG-13876]
uc_04_ticket_search_not_paid.c(90): Notify: Parameter Substitution: parameter "PORT" =  "1080"	[MsgId: MMSG-13992]
uc_04_ticket_search_not_paid.c(90): Notify: Parameter Substitution: parameter "HOST" =  "localhost"	[MsgId: MMSG-13992]
uc_04_ticket_search_not_paid.c(90): Notify: Next row for parameter PORT = 1 [table  = PORT].	[MsgId: MMSG-13876]
uc_04_ticket_search_not_paid.c(90): Notify: Parameter Substitution: parameter "PORT" =  "1080"	[MsgId: MMSG-13992]
uc_04_ticket_search_not_paid.c(90): Notify: Saving Parameter "USERSESSION = 140518.616767922HccHQczpDftDDzHpffiV".	[MsgId: MMSG-13798]
uc_04_ticket_search_not_paid.c(90): Resource "http://localhost:1080/WebTours/images/mer_login.gif" is in the cache already and will not be downloaded again  	[MsgId: MMSG-26655]
uc_04_ticket_search_not_paid.c(90): Registered web_reg_find successful for "Text=Web Tours Navigation Bar" (count=1)  	[MsgId: MMSG-26364]
uc_04_ticket_search_not_paid.c(90): web_url("nav.pl") was successful, 1482 body bytes, 255 header bytes, 12 chunking overhead bytes  	[MsgId: MMSG-26385]
uc_04_ticket_search_not_paid.c(99): web_remove_auto_header("Sec-Fetch-Dest") started  	[MsgId: MMSG-26355]
uc_04_ticket_search_not_paid.c(99): Previous automatically added web header for "Sec-Fetch-Dest" removed  	[MsgId: MMSG-26587]
uc_04_ticket_search_not_paid.c(99): web_remove/revert_auto_header("Sec-Fetch-Dest") was successful  	[MsgId: MMSG-26392]
uc_04_ticket_search_not_paid.c(101): web_remove_auto_header("Sec-Fetch-Mode") started  	[MsgId: MMSG-26355]
uc_04_ticket_search_not_paid.c(101): Previous automatically added web header for "Sec-Fetch-Mode" removed  	[MsgId: MMSG-26587]
uc_04_ticket_search_not_paid.c(101): web_remove/revert_auto_header("Sec-Fetch-Mode") was successful  	[MsgId: MMSG-26392]
uc_04_ticket_search_not_paid.c(103): web_remove_auto_header("Sec-Fetch-Site") started  	[MsgId: MMSG-26355]
uc_04_ticket_search_not_paid.c(103): Previous automatically added web header for "Sec-Fetch-Site" removed  	[MsgId: MMSG-26587]
uc_04_ticket_search_not_paid.c(103): web_remove/revert_auto_header("Sec-Fetch-Site") was successful  	[MsgId: MMSG-26392]
uc_04_ticket_search_not_paid.c(105): web_reg_find started  	[MsgId: MMSG-26355]
uc_04_ticket_search_not_paid.c(105): Registering web_reg_find was successful  	[MsgId: MMSG-26390]
uc_04_ticket_search_not_paid.c(110): web_url("home.html") started  	[MsgId: MMSG-26355]
uc_04_ticket_search_not_paid.c(110): Notify: Parameter Substitution: parameter "HOST" =  "localhost"	[MsgId: MMSG-13992]
uc_04_ticket_search_not_paid.c(110): Notify: Next row for parameter PORT = 1 [table  = PORT].	[MsgId: MMSG-13876]
uc_04_ticket_search_not_paid.c(110): Notify: Parameter Substitution: parameter "PORT" =  "1080"	[MsgId: MMSG-13992]
uc_04_ticket_search_not_paid.c(110): Notify: Parameter Substitution: parameter "HOST" =  "localhost"	[MsgId: MMSG-13992]
uc_04_ticket_search_not_paid.c(110): Notify: Next row for parameter PORT = 1 [table  = PORT].	[MsgId: MMSG-13876]
uc_04_ticket_search_not_paid.c(110): Notify: Parameter Substitution: parameter "PORT" =  "1080"	[MsgId: MMSG-13992]
uc_04_ticket_search_not_paid.c(110): Retrieving data from cache for "http://localhost:1080/WebTours/home.html"  	[MsgId: MMSG-26558]
uc_04_ticket_search_not_paid.c(110): Registered web_reg_find successful for "Text=Web Tours" (count=3)  	[MsgId: MMSG-26364]
uc_04_ticket_search_not_paid.c(110): web_url("home.html") was successful, 0 body bytes, 0 header bytes  	[MsgId: MMSG-26386]
uc_04_ticket_search_not_paid.c(119): Notify: Transaction "open_start_page" ended with a "Pass" status (Duration: 0,1999 Wasted Time: 0,0002).	[MsgId: MMSG-16871]
uc_04_ticket_search_not_paid.c(121): lr_think_time: 2,00 seconds.	[MsgId: MMSG-15948]
uc_04_ticket_search_not_paid.c(123): Notify: Transaction "do_login" started.	[MsgId: MMSG-16999]
uc_04_ticket_search_not_paid.c(125): web_add_header("Origin") started  	[MsgId: MMSG-26355]
uc_04_ticket_search_not_paid.c(125): Notify: Parameter Substitution: parameter "HOST" =  "localhost"	[MsgId: MMSG-13992]
uc_04_ticket_search_not_paid.c(125): Notify: Next row for parameter PORT = 1 [table  = PORT].	[MsgId: MMSG-13876]
uc_04_ticket_search_not_paid.c(125): Notify: Parameter Substitution: parameter "PORT" =  "1080"	[MsgId: MMSG-13992]
uc_04_ticket_search_not_paid.c(125): web_add_header("Origin") was successful  	[MsgId: MMSG-26392]
uc_04_ticket_search_not_paid.c(128): web_add_auto_header("Sec-Fetch-Dest") started  	[MsgId: MMSG-26355]
uc_04_ticket_search_not_paid.c(128): web_add_auto_header("Sec-Fetch-Dest") was successful  	[MsgId: MMSG-26392]
uc_04_ticket_search_not_paid.c(131): web_add_auto_header("Sec-Fetch-Mode") started  	[MsgId: MMSG-26355]
uc_04_ticket_search_not_paid.c(131): web_add_auto_header("Sec-Fetch-Mode") was successful  	[MsgId: MMSG-26392]
uc_04_ticket_search_not_paid.c(134): web_add_auto_header("Sec-Fetch-Site") started  	[MsgId: MMSG-26355]
uc_04_ticket_search_not_paid.c(134): web_add_auto_header("Sec-Fetch-Site") was successful  	[MsgId: MMSG-26392]
uc_04_ticket_search_not_paid.c(137): web_add_header("Sec-Fetch-User") started  	[MsgId: MMSG-26355]
uc_04_ticket_search_not_paid.c(137): web_add_header("Sec-Fetch-User") was successful  	[MsgId: MMSG-26392]
uc_04_ticket_search_not_paid.c(140): web_add_auto_header("Upgrade-Insecure-Requests") started  	[MsgId: MMSG-26355]
uc_04_ticket_search_not_paid.c(140): web_add_auto_header("Upgrade-Insecure-Requests") was successful  	[MsgId: MMSG-26392]
uc_04_ticket_search_not_paid.c(143): web_add_auto_header("sec-ch-ua") started  	[MsgId: MMSG-26355]
uc_04_ticket_search_not_paid.c(143): web_add_auto_header("sec-ch-ua") was successful  	[MsgId: MMSG-26392]
uc_04_ticket_search_not_paid.c(146): web_add_auto_header("sec-ch-ua-mobile") started  	[MsgId: MMSG-26355]
uc_04_ticket_search_not_paid.c(146): web_add_auto_header("sec-ch-ua-mobile") was successful  	[MsgId: MMSG-26392]
uc_04_ticket_search_not_paid.c(149): web_add_auto_header("sec-ch-ua-platform") started  	[MsgId: MMSG-26355]
uc_04_ticket_search_not_paid.c(149): web_add_auto_header("sec-ch-ua-platform") was successful  	[MsgId: MMSG-26392]
uc_04_ticket_search_not_paid.c(152): web_reg_find started  	[MsgId: MMSG-26355]
uc_04_ticket_search_not_paid.c(152): Registering web_reg_find was successful  	[MsgId: MMSG-26390]
uc_04_ticket_search_not_paid.c(157): web_reg_find started  	[MsgId: MMSG-26355]
uc_04_ticket_search_not_paid.c(157): Notify: Parameter Substitution: parameter "USERSESSION" =  "140518.616767922HccHQczpDftDDzHpffiV"	[MsgId: MMSG-13992]
uc_04_ticket_search_not_paid.c(157): Registering web_reg_find was successful  	[MsgId: MMSG-26390]
uc_04_ticket_search_not_paid.c(162): web_submit_data("login.pl") started  	[MsgId: MMSG-26355]
uc_04_ticket_search_not_paid.c(162): Notify: Parameter Substitution: parameter "HOST" =  "localhost"	[MsgId: MMSG-13992]
uc_04_ticket_search_not_paid.c(162): Notify: Next row for parameter PORT = 1 [table  = PORT].	[MsgId: MMSG-13876]
uc_04_ticket_search_not_paid.c(162): Notify: Parameter Substitution: parameter "PORT" =  "1080"	[MsgId: MMSG-13992]
uc_04_ticket_search_not_paid.c(162): Notify: Parameter Substitution: parameter "HOST" =  "localhost"	[MsgId: MMSG-13992]
uc_04_ticket_search_not_paid.c(162): Notify: Next row for parameter PORT = 1 [table  = PORT].	[MsgId: MMSG-13876]
uc_04_ticket_search_not_paid.c(162): Notify: Parameter Substitution: parameter "PORT" =  "1080"	[MsgId: MMSG-13992]
uc_04_ticket_search_not_paid.c(162): Notify: Parameter Substitution: parameter "USERSESSION" =  "140518.616767922HccHQczpDftDDzHpffiV"	[MsgId: MMSG-13992]
uc_04_ticket_search_not_paid.c(162): Notify: Parameter Substitution: parameter "USERNAME" =  "ElLively"	[MsgId: MMSG-13992]
uc_04_ticket_search_not_paid.c(162): Notify: Next row for parameter PASSWORD = 1 [table  = PASSWORD].	[MsgId: MMSG-13876]
uc_04_ticket_search_not_paid.c(162): Notify: Parameter Substitution: parameter "PASSWORD" =  "Joyride00"	[MsgId: MMSG-13992]
uc_04_ticket_search_not_paid.c(162): Detected non-resource "http://localhost:1080/cgi-bin/nav.pl?page=menu&in=home" in "http://localhost:1080/cgi-bin/login.pl"  	[MsgId: MMSG-26574]
uc_04_ticket_search_not_paid.c(162): Detected non-resource "http://localhost:1080/cgi-bin/login.pl?intro=true" in "http://localhost:1080/cgi-bin/login.pl"  	[MsgId: MMSG-26574]
uc_04_ticket_search_not_paid.c(162): Found resource "http://localhost:1080/WebTours/images/flights.gif" in HTML "http://localhost:1080/cgi-bin/nav.pl?page=menu&in=home"  	[MsgId: MMSG-26659]
uc_04_ticket_search_not_paid.c(162): Found resource "http://localhost:1080/WebTours/images/itinerary.gif" in HTML "http://localhost:1080/cgi-bin/nav.pl?page=menu&in=home"  	[MsgId: MMSG-26659]
uc_04_ticket_search_not_paid.c(162): Found resource "http://localhost:1080/WebTours/images/in_home.gif" in HTML "http://localhost:1080/cgi-bin/nav.pl?page=menu&in=home"  	[MsgId: MMSG-26659]
uc_04_ticket_search_not_paid.c(162): Found resource "http://localhost:1080/WebTours/images/signoff.gif" in HTML "http://localhost:1080/cgi-bin/nav.pl?page=menu&in=home"  	[MsgId: MMSG-26659]
uc_04_ticket_search_not_paid.c(162): Registered web_reg_find successful for "Text=User password was correct" (count=1)  	[MsgId: MMSG-26364]
uc_04_ticket_search_not_paid.c(162): Registered web_reg_find successful for "Text=name="userSession" value="140518.616767922HccHQczpDftDDzHpffiV""  	[MsgId: MMSG-26362]
uc_04_ticket_search_not_paid.c(162): web_submit_data("login.pl") was successful, 5783 body bytes, 2049 header bytes, 36 chunking overhead bytes  	[MsgId: MMSG-26385]
uc_04_ticket_search_not_paid.c(178): web_reg_find started  	[MsgId: MMSG-26355]
uc_04_ticket_search_not_paid.c(178): Registering web_reg_find was successful  	[MsgId: MMSG-26390]
uc_04_ticket_search_not_paid.c(183): web_url("nav.pl") started  	[MsgId: MMSG-26355]
uc_04_ticket_search_not_paid.c(183): Notify: Parameter Substitution: parameter "HOST" =  "localhost"	[MsgId: MMSG-13992]
uc_04_ticket_search_not_paid.c(183): Notify: Next row for parameter PORT = 1 [table  = PORT].	[MsgId: MMSG-13876]
uc_04_ticket_search_not_paid.c(183): Notify: Parameter Substitution: parameter "PORT" =  "1080"	[MsgId: MMSG-13992]
uc_04_ticket_search_not_paid.c(183): Notify: Parameter Substitution: parameter "HOST" =  "localhost"	[MsgId: MMSG-13992]
uc_04_ticket_search_not_paid.c(183): Notify: Next row for parameter PORT = 1 [table  = PORT].	[MsgId: MMSG-13876]
uc_04_ticket_search_not_paid.c(183): Notify: Parameter Substitution: parameter "PORT" =  "1080"	[MsgId: MMSG-13992]
uc_04_ticket_search_not_paid.c(183): Resource "http://localhost:1080/WebTours/images/flights.gif" is in the cache already and will not be downloaded again  	[MsgId: MMSG-26655]
uc_04_ticket_search_not_paid.c(183): Resource "http://localhost:1080/WebTours/images/itinerary.gif" is in the cache already and will not be downloaded again  	[MsgId: MMSG-26655]
uc_04_ticket_search_not_paid.c(183): Resource "http://localhost:1080/WebTours/images/in_home.gif" is in the cache already and will not be downloaded again  	[MsgId: MMSG-26655]
uc_04_ticket_search_not_paid.c(183): Resource "http://localhost:1080/WebTours/images/signoff.gif" is in the cache already and will not be downloaded again  	[MsgId: MMSG-26655]
uc_04_ticket_search_not_paid.c(183): Registered web_reg_find successful for "Text=Web Tours Navigation Bar" (count=1)  	[MsgId: MMSG-26364]
uc_04_ticket_search_not_paid.c(183): web_url("nav.pl") was successful, 1482 body bytes, 255 header bytes, 12 chunking overhead bytes  	[MsgId: MMSG-26385]
uc_04_ticket_search_not_paid.c(192): web_reg_find started  	[MsgId: MMSG-26355]
uc_04_ticket_search_not_paid.c(192): Registering web_reg_find was successful  	[MsgId: MMSG-26390]
uc_04_ticket_search_not_paid.c(197): web_url("login.pl_2") started  	[MsgId: MMSG-26355]
uc_04_ticket_search_not_paid.c(197): Notify: Parameter Substitution: parameter "HOST" =  "localhost"	[MsgId: MMSG-13992]
uc_04_ticket_search_not_paid.c(197): Notify: Next row for parameter PORT = 1 [table  = PORT].	[MsgId: MMSG-13876]
uc_04_ticket_search_not_paid.c(197): Notify: Parameter Substitution: parameter "PORT" =  "1080"	[MsgId: MMSG-13992]
uc_04_ticket_search_not_paid.c(197): Notify: Parameter Substitution: parameter "HOST" =  "localhost"	[MsgId: MMSG-13992]
uc_04_ticket_search_not_paid.c(197): Notify: Next row for parameter PORT = 1 [table  = PORT].	[MsgId: MMSG-13876]
uc_04_ticket_search_not_paid.c(197): Notify: Parameter Substitution: parameter "PORT" =  "1080"	[MsgId: MMSG-13992]
uc_04_ticket_search_not_paid.c(197): Registered web_reg_find successful for "Text=Welcome to Web Tours" (count=1)  	[MsgId: MMSG-26364]
uc_04_ticket_search_not_paid.c(197): web_url("login.pl_2") was successful, 922 body bytes, 228 header bytes, 12 chunking overhead bytes  	[MsgId: MMSG-26385]
uc_04_ticket_search_not_paid.c(206): Notify: Transaction "do_login" ended with a "Pass" status (Duration: 0,1823 Wasted Time: 0,0000).	[MsgId: MMSG-16871]
uc_04_ticket_search_not_paid.c(208): lr_think_time: 2,00 seconds.	[MsgId: MMSG-15948]
uc_04_ticket_search_not_paid.c(210): Notify: Transaction "open_flights" started.	[MsgId: MMSG-16999]
uc_04_ticket_search_not_paid.c(212): web_add_auto_header("Sec-Fetch-Dest") started  	[MsgId: MMSG-26355]
uc_04_ticket_search_not_paid.c(212): web_add_auto_header("Sec-Fetch-Dest") was successful  	[MsgId: MMSG-26392]
uc_04_ticket_search_not_paid.c(215): web_add_auto_header("Sec-Fetch-Mode") started  	[MsgId: MMSG-26355]
uc_04_ticket_search_not_paid.c(215): web_add_auto_header("Sec-Fetch-Mode") was successful  	[MsgId: MMSG-26392]
uc_04_ticket_search_not_paid.c(218): web_add_auto_header("Sec-Fetch-Site") started  	[MsgId: MMSG-26355]
uc_04_ticket_search_not_paid.c(218): web_add_auto_header("Sec-Fetch-Site") was successful  	[MsgId: MMSG-26392]
uc_04_ticket_search_not_paid.c(221): web_add_header("Sec-Fetch-User") started  	[MsgId: MMSG-26355]
uc_04_ticket_search_not_paid.c(221): web_add_header("Sec-Fetch-User") was successful  	[MsgId: MMSG-26392]
uc_04_ticket_search_not_paid.c(224): web_add_auto_header("Upgrade-Insecure-Requests") started  	[MsgId: MMSG-26355]
uc_04_ticket_search_not_paid.c(224): web_add_auto_header("Upgrade-Insecure-Requests") was successful  	[MsgId: MMSG-26392]
uc_04_ticket_search_not_paid.c(227): web_add_auto_header("sec-ch-ua") started  	[MsgId: MMSG-26355]
uc_04_ticket_search_not_paid.c(227): web_add_auto_header("sec-ch-ua") was successful  	[MsgId: MMSG-26392]
uc_04_ticket_search_not_paid.c(230): web_add_auto_header("sec-ch-ua-mobile") started  	[MsgId: MMSG-26355]
uc_04_ticket_search_not_paid.c(230): web_add_auto_header("sec-ch-ua-mobile") was successful  	[MsgId: MMSG-26392]
uc_04_ticket_search_not_paid.c(233): web_add_auto_header("sec-ch-ua-platform") started  	[MsgId: MMSG-26355]
uc_04_ticket_search_not_paid.c(233): web_add_auto_header("sec-ch-ua-platform") was successful  	[MsgId: MMSG-26392]
uc_04_ticket_search_not_paid.c(236): web_reg_find started  	[MsgId: MMSG-26355]
uc_04_ticket_search_not_paid.c(236): Registering web_reg_find was successful  	[MsgId: MMSG-26390]
uc_04_ticket_search_not_paid.c(241): web_url("welcome.pl") started  	[MsgId: MMSG-26355]
uc_04_ticket_search_not_paid.c(241): Notify: Parameter Substitution: parameter "HOST" =  "localhost"	[MsgId: MMSG-13992]
uc_04_ticket_search_not_paid.c(241): Notify: Next row for parameter PORT = 1 [table  = PORT].	[MsgId: MMSG-13876]
uc_04_ticket_search_not_paid.c(241): Notify: Parameter Substitution: parameter "PORT" =  "1080"	[MsgId: MMSG-13992]
uc_04_ticket_search_not_paid.c(241): Notify: Parameter Substitution: parameter "HOST" =  "localhost"	[MsgId: MMSG-13992]
uc_04_ticket_search_not_paid.c(241): Notify: Next row for parameter PORT = 1 [table  = PORT].	[MsgId: MMSG-13876]
uc_04_ticket_search_not_paid.c(241): Notify: Parameter Substitution: parameter "PORT" =  "1080"	[MsgId: MMSG-13992]
uc_04_ticket_search_not_paid.c(241): Detected non-resource "http://localhost:1080/cgi-bin/nav.pl?page=menu&in=flights" in "http://localhost:1080/cgi-bin/welcome.pl?page=search"  	[MsgId: MMSG-26574]
uc_04_ticket_search_not_paid.c(241): Detected non-resource "http://localhost:1080/cgi-bin/reservations.pl?page=welcome" in "http://localhost:1080/cgi-bin/welcome.pl?page=search"  	[MsgId: MMSG-26574]
uc_04_ticket_search_not_paid.c(241): Found resource "http://localhost:1080/WebTours/images/in_flights.gif" in HTML "http://localhost:1080/cgi-bin/nav.pl?page=menu&in=flights"  	[MsgId: MMSG-26659]
uc_04_ticket_search_not_paid.c(241): Resource "http://localhost:1080/WebTours/images/itinerary.gif" is in the cache already and will not be downloaded again  	[MsgId: MMSG-26655]
uc_04_ticket_search_not_paid.c(241): Found resource "http://localhost:1080/WebTours/images/home.gif" in HTML "http://localhost:1080/cgi-bin/nav.pl?page=menu&in=flights"  	[MsgId: MMSG-26659]
uc_04_ticket_search_not_paid.c(241): Resource "http://localhost:1080/WebTours/images/signoff.gif" is in the cache already and will not be downloaded again  	[MsgId: MMSG-26655]
uc_04_ticket_search_not_paid.c(241): Found resource "http://localhost:1080/WebTours/images/button_next.gif" in HTML "http://localhost:1080/cgi-bin/reservations.pl?page=welcome"  	[MsgId: MMSG-26659]
uc_04_ticket_search_not_paid.c(241): Registered web_reg_find successful for "Text=Web Tours" (count=2)  	[MsgId: MMSG-26364]
uc_04_ticket_search_not_paid.c(241): web_url("welcome.pl") was successful, 8516 body bytes, 1616 header bytes, 43 chunking overhead bytes  	[MsgId: MMSG-26385]
uc_04_ticket_search_not_paid.c(250): web_reg_find started  	[MsgId: MMSG-26355]
uc_04_ticket_search_not_paid.c(250): Registering web_reg_find was successful  	[MsgId: MMSG-26390]
uc_04_ticket_search_not_paid.c(255): web_url("nav.pl") started  	[MsgId: MMSG-26355]
uc_04_ticket_search_not_paid.c(255): Notify: Parameter Substitution: parameter "HOST" =  "localhost"	[MsgId: MMSG-13992]
uc_04_ticket_search_not_paid.c(255): Notify: Next row for parameter PORT = 1 [table  = PORT].	[MsgId: MMSG-13876]
uc_04_ticket_search_not_paid.c(255): Notify: Parameter Substitution: parameter "PORT" =  "1080"	[MsgId: MMSG-13992]
uc_04_ticket_search_not_paid.c(255): Notify: Parameter Substitution: parameter "HOST" =  "localhost"	[MsgId: MMSG-13992]
uc_04_ticket_search_not_paid.c(255): Notify: Next row for parameter PORT = 1 [table  = PORT].	[MsgId: MMSG-13876]
uc_04_ticket_search_not_paid.c(255): Notify: Parameter Substitution: parameter "PORT" =  "1080"	[MsgId: MMSG-13992]
uc_04_ticket_search_not_paid.c(255): Resource "http://localhost:1080/WebTours/images/in_flights.gif" is in the cache already and will not be downloaded again  	[MsgId: MMSG-26655]
uc_04_ticket_search_not_paid.c(255): Resource "http://localhost:1080/WebTours/images/itinerary.gif" is in the cache already and will not be downloaded again  	[MsgId: MMSG-26655]
uc_04_ticket_search_not_paid.c(255): Resource "http://localhost:1080/WebTours/images/home.gif" is in the cache already and will not be downloaded again  	[MsgId: MMSG-26655]
uc_04_ticket_search_not_paid.c(255): Resource "http://localhost:1080/WebTours/images/signoff.gif" is in the cache already and will not be downloaded again  	[MsgId: MMSG-26655]
uc_04_ticket_search_not_paid.c(255): Registered web_reg_find successful for "Text=Web Tours Navigation Bar" (count=1)  	[MsgId: MMSG-26364]
uc_04_ticket_search_not_paid.c(255): web_url("nav.pl") was successful, 1482 body bytes, 255 header bytes, 12 chunking overhead bytes  	[MsgId: MMSG-26385]
uc_04_ticket_search_not_paid.c(264): web_reg_find started  	[MsgId: MMSG-26355]
uc_04_ticket_search_not_paid.c(264): Registering web_reg_find was successful  	[MsgId: MMSG-26390]
uc_04_ticket_search_not_paid.c(269): web_reg_save_param_ex started  	[MsgId: MMSG-26355]
uc_04_ticket_search_not_paid.c(269): Registering web_reg_save_param_ex was successful  	[MsgId: MMSG-26390]
uc_04_ticket_search_not_paid.c(278): web_reg_save_param_ex started  	[MsgId: MMSG-26355]
uc_04_ticket_search_not_paid.c(278): Registering web_reg_save_param_ex was successful  	[MsgId: MMSG-26390]
uc_04_ticket_search_not_paid.c(287): web_url("reservations.pl") started  	[MsgId: MMSG-26355]
uc_04_ticket_search_not_paid.c(287): Notify: Parameter Substitution: parameter "HOST" =  "localhost"	[MsgId: MMSG-13992]
uc_04_ticket_search_not_paid.c(287): Notify: Next row for parameter PORT = 1 [table  = PORT].	[MsgId: MMSG-13876]
uc_04_ticket_search_not_paid.c(287): Notify: Parameter Substitution: parameter "PORT" =  "1080"	[MsgId: MMSG-13992]
uc_04_ticket_search_not_paid.c(287): Notify: Parameter Substitution: parameter "HOST" =  "localhost"	[MsgId: MMSG-13992]
uc_04_ticket_search_not_paid.c(287): Notify: Next row for parameter PORT = 1 [table  = PORT].	[MsgId: MMSG-13876]
uc_04_ticket_search_not_paid.c(287): Notify: Parameter Substitution: parameter "PORT" =  "1080"	[MsgId: MMSG-13992]
uc_04_ticket_search_not_paid.c(287): Notify: Saving Parameter "SEATPREF_1 = Aisle".	[MsgId: MMSG-13798]
uc_04_ticket_search_not_paid.c(287): Notify: Saving Parameter "SEATPREF_2 = Window".	[MsgId: MMSG-13798]
uc_04_ticket_search_not_paid.c(287): Notify: Saving Parameter "SEATPREF_3 = None".	[MsgId: MMSG-13798]
uc_04_ticket_search_not_paid.c(287): Notify: Saving Parameter "SEATTYPE_1 = First".	[MsgId: MMSG-13798]
uc_04_ticket_search_not_paid.c(287): Notify: Saving Parameter "SEATTYPE_2 = Business".	[MsgId: MMSG-13798]
uc_04_ticket_search_not_paid.c(287): Notify: Saving Parameter "SEATTYPE_3 = Coach".	[MsgId: MMSG-13798]
uc_04_ticket_search_not_paid.c(287): Resource "http://localhost:1080/WebTours/images/button_next.gif" is in the cache already and will not be downloaded again  	[MsgId: MMSG-26655]
uc_04_ticket_search_not_paid.c(287): Registered web_reg_find successful for "Text=Flight Selections" (count=1)  	[MsgId: MMSG-26364]
uc_04_ticket_search_not_paid.c(287): Notify: Saving Parameter "SEATPREF_count = 3".	[MsgId: MMSG-13798]
uc_04_ticket_search_not_paid.c(287): Notify: Saving Parameter "SEATTYPE_count = 3".	[MsgId: MMSG-13798]
uc_04_ticket_search_not_paid.c(287): web_url("reservations.pl") was successful, 4246 body bytes, 255 header bytes, 19 chunking overhead bytes  	[MsgId: MMSG-26385]
uc_04_ticket_search_not_paid.c(296): Notify: Parameter Substitution: parameter "SEATPREF_count" =  "3"	[MsgId: MMSG-13992]
uc_04_ticket_search_not_paid.c(296): Notify: Parameter Substitution: parameter "SEATPREF_2" =  "Window"	[MsgId: MMSG-13992]
uc_04_ticket_search_not_paid.c(296): Notify: Saving Parameter "SEATPREF_RANDOM = Window".	[MsgId: MMSG-13798]
uc_04_ticket_search_not_paid.c(297): Notify: Parameter Substitution: parameter "SEATTYPE_count" =  "3"	[MsgId: MMSG-13992]
uc_04_ticket_search_not_paid.c(297): Notify: Parameter Substitution: parameter "SEATTYPE_3" =  "Coach"	[MsgId: MMSG-13992]
uc_04_ticket_search_not_paid.c(297): Notify: Saving Parameter "SEATTYPE_RANDOM = Coach".	[MsgId: MMSG-13798]
uc_04_ticket_search_not_paid.c(299): Notify: Transaction "open_flights" ended with a "Pass" status (Duration: 0,2007 Wasted Time: 0,0003).	[MsgId: MMSG-16871]
uc_04_ticket_search_not_paid.c(301): lr_think_time: 2,00 seconds.	[MsgId: MMSG-15948]
uc_04_ticket_search_not_paid.c(303): Notify: Transaction "find_flights" started.	[MsgId: MMSG-16999]
uc_04_ticket_search_not_paid.c(305): web_add_header("Origin") started  	[MsgId: MMSG-26355]
uc_04_ticket_search_not_paid.c(305): Notify: Parameter Substitution: parameter "HOST" =  "localhost"	[MsgId: MMSG-13992]
uc_04_ticket_search_not_paid.c(305): Notify: Next row for parameter PORT = 1 [table  = PORT].	[MsgId: MMSG-13876]
uc_04_ticket_search_not_paid.c(305): Notify: Parameter Substitution: parameter "PORT" =  "1080"	[MsgId: MMSG-13992]
uc_04_ticket_search_not_paid.c(305): web_add_header("Origin") was successful  	[MsgId: MMSG-26392]
uc_04_ticket_search_not_paid.c(308): web_add_header("Sec-Fetch-Dest") started  	[MsgId: MMSG-26355]
uc_04_ticket_search_not_paid.c(308): web_add_header("Sec-Fetch-Dest") was successful  	[MsgId: MMSG-26392]
uc_04_ticket_search_not_paid.c(311): web_add_header("Sec-Fetch-Mode") started  	[MsgId: MMSG-26355]
uc_04_ticket_search_not_paid.c(311): web_add_header("Sec-Fetch-Mode") was successful  	[MsgId: MMSG-26392]
uc_04_ticket_search_not_paid.c(314): web_add_header("Sec-Fetch-Site") started  	[MsgId: MMSG-26355]
uc_04_ticket_search_not_paid.c(314): web_add_header("Sec-Fetch-Site") was successful  	[MsgId: MMSG-26392]
uc_04_ticket_search_not_paid.c(317): web_add_header("Sec-Fetch-User") started  	[MsgId: MMSG-26355]
uc_04_ticket_search_not_paid.c(317): web_add_header("Sec-Fetch-User") was successful  	[MsgId: MMSG-26392]
uc_04_ticket_search_not_paid.c(320): web_add_header("Upgrade-Insecure-Requests") started  	[MsgId: MMSG-26355]
uc_04_ticket_search_not_paid.c(320): web_add_header("Upgrade-Insecure-Requests") was successful  	[MsgId: MMSG-26392]
uc_04_ticket_search_not_paid.c(323): web_add_header("sec-ch-ua") started  	[MsgId: MMSG-26355]
uc_04_ticket_search_not_paid.c(323): web_add_header("sec-ch-ua") was successful  	[MsgId: MMSG-26392]
uc_04_ticket_search_not_paid.c(326): web_add_header("sec-ch-ua-mobile") started  	[MsgId: MMSG-26355]
uc_04_ticket_search_not_paid.c(326): web_add_header("sec-ch-ua-mobile") was successful  	[MsgId: MMSG-26392]
uc_04_ticket_search_not_paid.c(329): web_add_header("sec-ch-ua-platform") started  	[MsgId: MMSG-26355]
uc_04_ticket_search_not_paid.c(329): web_add_header("sec-ch-ua-platform") was successful  	[MsgId: MMSG-26392]
uc_04_ticket_search_not_paid.c(332): web_reg_save_param_ex started  	[MsgId: MMSG-26355]
uc_04_ticket_search_not_paid.c(332): Registering web_reg_save_param_ex was successful  	[MsgId: MMSG-26390]
uc_04_ticket_search_not_paid.c(341): web_reg_save_param_ex started  	[MsgId: MMSG-26355]
uc_04_ticket_search_not_paid.c(341): Registering web_reg_save_param_ex was successful  	[MsgId: MMSG-26390]
uc_04_ticket_search_not_paid.c(350): web_reg_find started  	[MsgId: MMSG-26355]
uc_04_ticket_search_not_paid.c(350): Notify: Parameter Substitution: parameter "DEPARTCITY" =  "Denver"	[MsgId: MMSG-13992]
uc_04_ticket_search_not_paid.c(350): Registering web_reg_find was successful  	[MsgId: MMSG-26390]
uc_04_ticket_search_not_paid.c(355): web_reg_find started  	[MsgId: MMSG-26355]
uc_04_ticket_search_not_paid.c(355): Notify: Parameter Substitution: parameter "ARRIVECITY" =  "Seattle"	[MsgId: MMSG-13992]
uc_04_ticket_search_not_paid.c(355): Registering web_reg_find was successful  	[MsgId: MMSG-26390]
uc_04_ticket_search_not_paid.c(360): web_submit_data("reservations.pl") started  	[MsgId: MMSG-26355]
uc_04_ticket_search_not_paid.c(360): Notify: Parameter Substitution: parameter "HOST" =  "localhost"	[MsgId: MMSG-13992]
uc_04_ticket_search_not_paid.c(360): Notify: Next row for parameter PORT = 1 [table  = PORT].	[MsgId: MMSG-13876]
uc_04_ticket_search_not_paid.c(360): Notify: Parameter Substitution: parameter "PORT" =  "1080"	[MsgId: MMSG-13992]
uc_04_ticket_search_not_paid.c(360): Notify: Parameter Substitution: parameter "HOST" =  "localhost"	[MsgId: MMSG-13992]
uc_04_ticket_search_not_paid.c(360): Notify: Next row for parameter PORT = 1 [table  = PORT].	[MsgId: MMSG-13876]
uc_04_ticket_search_not_paid.c(360): Notify: Parameter Substitution: parameter "PORT" =  "1080"	[MsgId: MMSG-13992]
uc_04_ticket_search_not_paid.c(360): Notify: Parameter Substitution: parameter "DEPARTCITY" =  "Denver"	[MsgId: MMSG-13992]
uc_04_ticket_search_not_paid.c(360): Notify: Parameter Substitution: parameter "DEPARTDATE" =  "12/23/2024"	[MsgId: MMSG-13992]
uc_04_ticket_search_not_paid.c(360): Notify: Parameter Substitution: parameter "ARRIVECITY" =  "Seattle"	[MsgId: MMSG-13992]
uc_04_ticket_search_not_paid.c(360): Notify: Parameter Substitution: parameter "RETURNDATE" =  "01/01/2025"	[MsgId: MMSG-13992]
uc_04_ticket_search_not_paid.c(360): Notify: Parameter Substitution: parameter "SEATPREF_RANDOM" =  "Window"	[MsgId: MMSG-13992]
uc_04_ticket_search_not_paid.c(360): Notify: Parameter Substitution: parameter "SEATTYPE_RANDOM" =  "Coach"	[MsgId: MMSG-13992]
uc_04_ticket_search_not_paid.c(360): Notify: Saving Parameter "OUTBOUNDFLIGHT_1 = 070;292;12/23/2024".	[MsgId: MMSG-13798]
uc_04_ticket_search_not_paid.c(360): Notify: Saving Parameter "OUTBOUNDFLIGHT_2 = 071;260;12/23/2024".	[MsgId: MMSG-13798]
uc_04_ticket_search_not_paid.c(360): Notify: Saving Parameter "OUTBOUNDFLIGHT_3 = 072;276;12/23/2024".	[MsgId: MMSG-13798]
uc_04_ticket_search_not_paid.c(360): Notify: Saving Parameter "OUTBOUNDFLIGHT_4 = 073;239;12/23/2024".	[MsgId: MMSG-13798]
uc_04_ticket_search_not_paid.c(360): Notify: Saving Parameter "RETURNFLIGHT_1 = 700;292;01/01/2025".	[MsgId: MMSG-13798]
uc_04_ticket_search_not_paid.c(360): Notify: Saving Parameter "RETURNFLIGHT_2 = 701;260;01/01/2025".	[MsgId: MMSG-13798]
uc_04_ticket_search_not_paid.c(360): Notify: Saving Parameter "RETURNFLIGHT_3 = 702;276;01/01/2025".	[MsgId: MMSG-13798]
uc_04_ticket_search_not_paid.c(360): Notify: Saving Parameter "RETURNFLIGHT_4 = 703;239;01/01/2025".	[MsgId: MMSG-13798]
uc_04_ticket_search_not_paid.c(360): Resource "http://localhost:1080/WebTours/images/button_next.gif" is in the cache already and will not be downloaded again  	[MsgId: MMSG-26655]
uc_04_ticket_search_not_paid.c(360): Notify: Saving Parameter "OUTBOUNDFLIGHT_count = 4".	[MsgId: MMSG-13798]
uc_04_ticket_search_not_paid.c(360): Notify: Saving Parameter "RETURNFLIGHT_count = 4".	[MsgId: MMSG-13798]
uc_04_ticket_search_not_paid.c(360): Registered web_reg_find successful for "Text=Flight departing from <B>Denver</B>" (count=1)  	[MsgId: MMSG-26364]
uc_04_ticket_search_not_paid.c(360): Registered web_reg_find successful for "Text=to <B>Seattle</B>" (count=1)  	[MsgId: MMSG-26364]
uc_04_ticket_search_not_paid.c(360): web_submit_data("reservations.pl") was successful, 3587 body bytes, 255 header bytes, 12 chunking overhead bytes  	[MsgId: MMSG-26385]
uc_04_ticket_search_not_paid.c(384): Notify: Parameter Substitution: parameter "OUTBOUNDFLIGHT_count" =  "4"	[MsgId: MMSG-13992]
uc_04_ticket_search_not_paid.c(384): Notify: Parameter Substitution: parameter "OUTBOUNDFLIGHT_1" =  "070;292;12/23/2024"	[MsgId: MMSG-13992]
uc_04_ticket_search_not_paid.c(384): Notify: Saving Parameter "OUTBOUNDFLIGHT_RANDOM = 070;292;12/23/2024".	[MsgId: MMSG-13798]
uc_04_ticket_search_not_paid.c(385): Notify: Parameter Substitution: parameter "RETURNFLIGHT_count" =  "4"	[MsgId: MMSG-13992]
uc_04_ticket_search_not_paid.c(385): Notify: Parameter Substitution: parameter "RETURNFLIGHT_1" =  "700;292;01/01/2025"	[MsgId: MMSG-13992]
uc_04_ticket_search_not_paid.c(385): Notify: Saving Parameter "RETURNFLIGHT_RANDOM = 700;292;01/01/2025".	[MsgId: MMSG-13798]
uc_04_ticket_search_not_paid.c(387): Notify: Transaction "find_flights" ended with a "Pass" status (Duration: 0,0290 Wasted Time: 0,0005).	[MsgId: MMSG-16871]
uc_04_ticket_search_not_paid.c(389): lr_think_time: 5,00 seconds.	[MsgId: MMSG-15948]
uc_04_ticket_search_not_paid.c(391): Notify: Transaction "choose_flights" started.	[MsgId: MMSG-16999]
uc_04_ticket_search_not_paid.c(393): web_add_header("Origin") started  	[MsgId: MMSG-26355]
uc_04_ticket_search_not_paid.c(393): Notify: Parameter Substitution: parameter "HOST" =  "localhost"	[MsgId: MMSG-13992]
uc_04_ticket_search_not_paid.c(393): Notify: Next row for parameter PORT = 1 [table  = PORT].	[MsgId: MMSG-13876]
uc_04_ticket_search_not_paid.c(393): Notify: Parameter Substitution: parameter "PORT" =  "1080"	[MsgId: MMSG-13992]
uc_04_ticket_search_not_paid.c(393): web_add_header("Origin") was successful  	[MsgId: MMSG-26392]
uc_04_ticket_search_not_paid.c(396): web_add_header("Sec-Fetch-Dest") started  	[MsgId: MMSG-26355]
uc_04_ticket_search_not_paid.c(396): web_add_header("Sec-Fetch-Dest") was successful  	[MsgId: MMSG-26392]
uc_04_ticket_search_not_paid.c(399): web_add_header("Sec-Fetch-Mode") started  	[MsgId: MMSG-26355]
uc_04_ticket_search_not_paid.c(399): web_add_header("Sec-Fetch-Mode") was successful  	[MsgId: MMSG-26392]
uc_04_ticket_search_not_paid.c(402): web_add_header("Sec-Fetch-Site") started  	[MsgId: MMSG-26355]
uc_04_ticket_search_not_paid.c(402): web_add_header("Sec-Fetch-Site") was successful  	[MsgId: MMSG-26392]
uc_04_ticket_search_not_paid.c(405): web_add_header("Sec-Fetch-User") started  	[MsgId: MMSG-26355]
uc_04_ticket_search_not_paid.c(405): web_add_header("Sec-Fetch-User") was successful  	[MsgId: MMSG-26392]
uc_04_ticket_search_not_paid.c(408): web_add_header("Upgrade-Insecure-Requests") started  	[MsgId: MMSG-26355]
uc_04_ticket_search_not_paid.c(408): web_add_header("Upgrade-Insecure-Requests") was successful  	[MsgId: MMSG-26392]
uc_04_ticket_search_not_paid.c(411): web_add_header("sec-ch-ua") started  	[MsgId: MMSG-26355]
uc_04_ticket_search_not_paid.c(411): web_add_header("sec-ch-ua") was successful  	[MsgId: MMSG-26392]
uc_04_ticket_search_not_paid.c(414): web_add_header("sec-ch-ua-mobile") started  	[MsgId: MMSG-26355]
uc_04_ticket_search_not_paid.c(414): web_add_header("sec-ch-ua-mobile") was successful  	[MsgId: MMSG-26392]
uc_04_ticket_search_not_paid.c(417): web_add_header("sec-ch-ua-platform") started  	[MsgId: MMSG-26355]
uc_04_ticket_search_not_paid.c(417): web_add_header("sec-ch-ua-platform") was successful  	[MsgId: MMSG-26392]
uc_04_ticket_search_not_paid.c(421): web_reg_find started  	[MsgId: MMSG-26355]
uc_04_ticket_search_not_paid.c(421): Registering web_reg_find was successful  	[MsgId: MMSG-26390]
uc_04_ticket_search_not_paid.c(426): web_submit_data("reservations.pl") started  	[MsgId: MMSG-26355]
uc_04_ticket_search_not_paid.c(426): Notify: Parameter Substitution: parameter "HOST" =  "localhost"	[MsgId: MMSG-13992]
uc_04_ticket_search_not_paid.c(426): Notify: Next row for parameter PORT = 1 [table  = PORT].	[MsgId: MMSG-13876]
uc_04_ticket_search_not_paid.c(426): Notify: Parameter Substitution: parameter "PORT" =  "1080"	[MsgId: MMSG-13992]
uc_04_ticket_search_not_paid.c(426): Notify: Parameter Substitution: parameter "HOST" =  "localhost"	[MsgId: MMSG-13992]
uc_04_ticket_search_not_paid.c(426): Notify: Next row for parameter PORT = 1 [table  = PORT].	[MsgId: MMSG-13876]
uc_04_ticket_search_not_paid.c(426): Notify: Parameter Substitution: parameter "PORT" =  "1080"	[MsgId: MMSG-13992]
uc_04_ticket_search_not_paid.c(426): Notify: Parameter Substitution: parameter "OUTBOUNDFLIGHT_RANDOM" =  "070;292;12/23/2024"	[MsgId: MMSG-13992]
uc_04_ticket_search_not_paid.c(426): Notify: Parameter Substitution: parameter "RETURNFLIGHT_RANDOM" =  "700;292;01/01/2025"	[MsgId: MMSG-13992]
uc_04_ticket_search_not_paid.c(426): Notify: Parameter Substitution: parameter "SEATTYPE_RANDOM" =  "Coach"	[MsgId: MMSG-13992]
uc_04_ticket_search_not_paid.c(426): Notify: Parameter Substitution: parameter "SEATPREF_RANDOM" =  "Window"	[MsgId: MMSG-13992]
uc_04_ticket_search_not_paid.c(426): Resource "http://localhost:1080/WebTours/images/button_next.gif" is in the cache already and will not be downloaded again  	[MsgId: MMSG-26655]
uc_04_ticket_search_not_paid.c(426): Registered web_reg_find successful for "Text=Payment Details" (count=1)  	[MsgId: MMSG-26364]
uc_04_ticket_search_not_paid.c(426): web_submit_data("reservations.pl") was successful, 2748 body bytes, 255 header bytes, 12 chunking overhead bytes  	[MsgId: MMSG-26385]
uc_04_ticket_search_not_paid.c(444): Notify: Transaction "choose_flights" ended with a "Pass" status (Duration: 0,0278 Wasted Time: 0,0000).	[MsgId: MMSG-16871]
uc_04_ticket_search_not_paid.c(446): lr_think_time: 2,00 seconds.	[MsgId: MMSG-15948]
uc_04_ticket_search_not_paid.c(448): Notify: Transaction "open_itinerary" started.	[MsgId: MMSG-16999]
uc_04_ticket_search_not_paid.c(450): web_add_auto_header("Sec-Fetch-Dest") started  	[MsgId: MMSG-26355]
uc_04_ticket_search_not_paid.c(450): web_add_auto_header("Sec-Fetch-Dest") was successful  	[MsgId: MMSG-26392]
uc_04_ticket_search_not_paid.c(453): web_add_auto_header("Sec-Fetch-Mode") started  	[MsgId: MMSG-26355]
uc_04_ticket_search_not_paid.c(453): web_add_auto_header("Sec-Fetch-Mode") was successful  	[MsgId: MMSG-26392]
uc_04_ticket_search_not_paid.c(456): web_add_auto_header("Sec-Fetch-Site") started  	[MsgId: MMSG-26355]
uc_04_ticket_search_not_paid.c(456): web_add_auto_header("Sec-Fetch-Site") was successful  	[MsgId: MMSG-26392]
uc_04_ticket_search_not_paid.c(459): web_add_header("Sec-Fetch-User") started  	[MsgId: MMSG-26355]
uc_04_ticket_search_not_paid.c(459): web_add_header("Sec-Fetch-User") was successful  	[MsgId: MMSG-26392]
uc_04_ticket_search_not_paid.c(462): web_add_auto_header("Upgrade-Insecure-Requests") started  	[MsgId: MMSG-26355]
uc_04_ticket_search_not_paid.c(462): web_add_auto_header("Upgrade-Insecure-Requests") was successful  	[MsgId: MMSG-26392]
uc_04_ticket_search_not_paid.c(465): web_add_auto_header("sec-ch-ua") started  	[MsgId: MMSG-26355]
uc_04_ticket_search_not_paid.c(465): web_add_auto_header("sec-ch-ua") was successful  	[MsgId: MMSG-26392]
uc_04_ticket_search_not_paid.c(468): web_add_auto_header("sec-ch-ua-mobile") started  	[MsgId: MMSG-26355]
uc_04_ticket_search_not_paid.c(468): web_add_auto_header("sec-ch-ua-mobile") was successful  	[MsgId: MMSG-26392]
uc_04_ticket_search_not_paid.c(471): web_add_auto_header("sec-ch-ua-platform") started  	[MsgId: MMSG-26355]
uc_04_ticket_search_not_paid.c(471): web_add_auto_header("sec-ch-ua-platform") was successful  	[MsgId: MMSG-26392]
uc_04_ticket_search_not_paid.c(474): web_reg_find started  	[MsgId: MMSG-26355]
uc_04_ticket_search_not_paid.c(474): Registering web_reg_find was successful  	[MsgId: MMSG-26390]
uc_04_ticket_search_not_paid.c(479): web_url("welcome.pl") started  	[MsgId: MMSG-26355]
uc_04_ticket_search_not_paid.c(479): Notify: Parameter Substitution: parameter "HOST" =  "localhost"	[MsgId: MMSG-13992]
uc_04_ticket_search_not_paid.c(479): Notify: Next row for parameter PORT = 1 [table  = PORT].	[MsgId: MMSG-13876]
uc_04_ticket_search_not_paid.c(479): Notify: Parameter Substitution: parameter "PORT" =  "1080"	[MsgId: MMSG-13992]
uc_04_ticket_search_not_paid.c(479): Notify: Parameter Substitution: parameter "HOST" =  "localhost"	[MsgId: MMSG-13992]
uc_04_ticket_search_not_paid.c(479): Notify: Next row for parameter PORT = 1 [table  = PORT].	[MsgId: MMSG-13876]
uc_04_ticket_search_not_paid.c(479): Notify: Parameter Substitution: parameter "PORT" =  "1080"	[MsgId: MMSG-13992]
uc_04_ticket_search_not_paid.c(479): Detected non-resource "http://localhost:1080/cgi-bin/nav.pl?page=menu&in=itinerary" in "http://localhost:1080/cgi-bin/welcome.pl?page=itinerary"  	[MsgId: MMSG-26574]
uc_04_ticket_search_not_paid.c(479): Detected non-resource "http://localhost:1080/cgi-bin/itinerary.pl" in "http://localhost:1080/cgi-bin/welcome.pl?page=itinerary"  	[MsgId: MMSG-26574]
uc_04_ticket_search_not_paid.c(479): Resource "http://localhost:1080/WebTours/images/flights.gif" is in the cache already and will not be downloaded again  	[MsgId: MMSG-26655]
uc_04_ticket_search_not_paid.c(479): Found resource "http://localhost:1080/WebTours/images/in_itinerary.gif" in HTML "http://localhost:1080/cgi-bin/nav.pl?page=menu&in=itinerary"  	[MsgId: MMSG-26659]
uc_04_ticket_search_not_paid.c(479): Resource "http://localhost:1080/WebTours/images/home.gif" is in the cache already and will not be downloaded again  	[MsgId: MMSG-26655]
uc_04_ticket_search_not_paid.c(479): Resource "http://localhost:1080/WebTours/images/signoff.gif" is in the cache already and will not be downloaded again  	[MsgId: MMSG-26655]
uc_04_ticket_search_not_paid.c(479): Registered web_reg_find successful for "Text=Web Tours" (count=2)  	[MsgId: MMSG-26364]
uc_04_ticket_search_not_paid.c(479): web_url("welcome.pl") was successful, 3693 body bytes, 1024 header bytes, 36 chunking overhead bytes  	[MsgId: MMSG-26385]
uc_04_ticket_search_not_paid.c(488): web_reg_find started  	[MsgId: MMSG-26355]
uc_04_ticket_search_not_paid.c(488): Registering web_reg_find was successful  	[MsgId: MMSG-26390]
uc_04_ticket_search_not_paid.c(493): web_url("nav.pl") started  	[MsgId: MMSG-26355]
uc_04_ticket_search_not_paid.c(493): Notify: Parameter Substitution: parameter "HOST" =  "localhost"	[MsgId: MMSG-13992]
uc_04_ticket_search_not_paid.c(493): Notify: Next row for parameter PORT = 1 [table  = PORT].	[MsgId: MMSG-13876]
uc_04_ticket_search_not_paid.c(493): Notify: Parameter Substitution: parameter "PORT" =  "1080"	[MsgId: MMSG-13992]
uc_04_ticket_search_not_paid.c(493): Notify: Parameter Substitution: parameter "HOST" =  "localhost"	[MsgId: MMSG-13992]
uc_04_ticket_search_not_paid.c(493): Notify: Next row for parameter PORT = 1 [table  = PORT].	[MsgId: MMSG-13876]
uc_04_ticket_search_not_paid.c(493): Notify: Parameter Substitution: parameter "PORT" =  "1080"	[MsgId: MMSG-13992]
uc_04_ticket_search_not_paid.c(493): Resource "http://localhost:1080/WebTours/images/flights.gif" is in the cache already and will not be downloaded again  	[MsgId: MMSG-26655]
uc_04_ticket_search_not_paid.c(493): Resource "http://localhost:1080/WebTours/images/in_itinerary.gif" is in the cache already and will not be downloaded again  	[MsgId: MMSG-26655]
uc_04_ticket_search_not_paid.c(493): Resource "http://localhost:1080/WebTours/images/home.gif" is in the cache already and will not be downloaded again  	[MsgId: MMSG-26655]
uc_04_ticket_search_not_paid.c(493): Resource "http://localhost:1080/WebTours/images/signoff.gif" is in the cache already and will not be downloaded again  	[MsgId: MMSG-26655]
uc_04_ticket_search_not_paid.c(493): Registered web_reg_find successful for "Text=Web Tours Navigation Bar" (count=1)  	[MsgId: MMSG-26364]
uc_04_ticket_search_not_paid.c(493): web_url("nav.pl") was successful, 1482 body bytes, 255 header bytes, 12 chunking overhead bytes  	[MsgId: MMSG-26385]
uc_04_ticket_search_not_paid.c(502): web_reg_save_param_ex started  	[MsgId: MMSG-26355]
uc_04_ticket_search_not_paid.c(502): Registering web_reg_save_param_ex was successful  	[MsgId: MMSG-26390]
uc_04_ticket_search_not_paid.c(512): web_reg_find started  	[MsgId: MMSG-26355]
uc_04_ticket_search_not_paid.c(512): Registering web_reg_find was successful  	[MsgId: MMSG-26390]
uc_04_ticket_search_not_paid.c(517): web_url("itinerary.pl") started  	[MsgId: MMSG-26355]
uc_04_ticket_search_not_paid.c(517): Notify: Parameter Substitution: parameter "HOST" =  "localhost"	[MsgId: MMSG-13992]
uc_04_ticket_search_not_paid.c(517): Notify: Next row for parameter PORT = 1 [table  = PORT].	[MsgId: MMSG-13876]
uc_04_ticket_search_not_paid.c(517): Notify: Parameter Substitution: parameter "PORT" =  "1080"	[MsgId: MMSG-13992]
uc_04_ticket_search_not_paid.c(517): Notify: Parameter Substitution: parameter "HOST" =  "localhost"	[MsgId: MMSG-13992]
uc_04_ticket_search_not_paid.c(517): Notify: Next row for parameter PORT = 1 [table  = PORT].	[MsgId: MMSG-13876]
uc_04_ticket_search_not_paid.c(517): Notify: Parameter Substitution: parameter "PORT" =  "1080"	[MsgId: MMSG-13992]
uc_04_ticket_search_not_paid.c(517): Warning -26377: No match found for the requested parameter "FLIGHTID". Either the specified boundaries were not found in the response or the matched text is longer than current max html parameter size of 256 bytes. The total length of the response is 887 bytes. You can use "web_set_max_html_param_len" to increase the max parameter size.  	[MsgId: MWAR-26377]
uc_04_ticket_search_not_paid.c(517): Notify: Saving Parameter "FLIGHTID_count = 0".	[MsgId: MMSG-13798]
uc_04_ticket_search_not_paid.c(517): Registered web_reg_find successful for "Text=Flights List" (count=1)  	[MsgId: MMSG-26364]
uc_04_ticket_search_not_paid.c(517): web_url("itinerary.pl") highest severity level was "warning", 887 body bytes, 255 header bytes, 12 chunking overhead bytes  	[MsgId: MMSG-26387]
uc_04_ticket_search_not_paid.c(526): Notify: Transaction "open_itinerary" ended with a "Pass" status (Duration: 0,1962 Wasted Time: 0,0001).	[MsgId: MMSG-16871]
uc_04_ticket_search_not_paid.c(528): lr_think_time: 2,00 seconds.	[MsgId: MMSG-15948]
uc_04_ticket_search_not_paid.c(530): Notify: Transaction "logout" started.	[MsgId: MMSG-16999]
uc_04_ticket_search_not_paid.c(532): web_add_auto_header("Sec-Fetch-Dest") started  	[MsgId: MMSG-26355]
uc_04_ticket_search_not_paid.c(532): web_add_auto_header("Sec-Fetch-Dest") was successful  	[MsgId: MMSG-26392]
uc_04_ticket_search_not_paid.c(535): web_add_auto_header("Sec-Fetch-Mode") started  	[MsgId: MMSG-26355]
uc_04_ticket_search_not_paid.c(535): web_add_auto_header("Sec-Fetch-Mode") was successful  	[MsgId: MMSG-26392]
uc_04_ticket_search_not_paid.c(538): web_add_auto_header("Sec-Fetch-Site") started  	[MsgId: MMSG-26355]
uc_04_ticket_search_not_paid.c(538): web_add_auto_header("Sec-Fetch-Site") was successful  	[MsgId: MMSG-26392]
uc_04_ticket_search_not_paid.c(541): web_add_header("Sec-Fetch-User") started  	[MsgId: MMSG-26355]
uc_04_ticket_search_not_paid.c(541): web_add_header("Sec-Fetch-User") was successful  	[MsgId: MMSG-26392]
uc_04_ticket_search_not_paid.c(544): web_add_auto_header("Upgrade-Insecure-Requests") started  	[MsgId: MMSG-26355]
uc_04_ticket_search_not_paid.c(544): web_add_auto_header("Upgrade-Insecure-Requests") was successful  	[MsgId: MMSG-26392]
uc_04_ticket_search_not_paid.c(547): web_add_auto_header("sec-ch-ua") started  	[MsgId: MMSG-26355]
uc_04_ticket_search_not_paid.c(547): web_add_auto_header("sec-ch-ua") was successful  	[MsgId: MMSG-26392]
uc_04_ticket_search_not_paid.c(550): web_add_auto_header("sec-ch-ua-mobile") started  	[MsgId: MMSG-26355]
uc_04_ticket_search_not_paid.c(550): web_add_auto_header("sec-ch-ua-mobile") was successful  	[MsgId: MMSG-26392]
uc_04_ticket_search_not_paid.c(553): web_add_auto_header("sec-ch-ua-platform") started  	[MsgId: MMSG-26355]
uc_04_ticket_search_not_paid.c(553): web_add_auto_header("sec-ch-ua-platform") was successful  	[MsgId: MMSG-26392]
uc_04_ticket_search_not_paid.c(556): web_reg_find started  	[MsgId: MMSG-26355]
uc_04_ticket_search_not_paid.c(556): Registering web_reg_find was successful  	[MsgId: MMSG-26390]
uc_04_ticket_search_not_paid.c(561): web_url("welcome.pl") started  	[MsgId: MMSG-26355]
uc_04_ticket_search_not_paid.c(561): Notify: Parameter Substitution: parameter "HOST" =  "localhost"	[MsgId: MMSG-13992]
uc_04_ticket_search_not_paid.c(561): Notify: Next row for parameter PORT = 1 [table  = PORT].	[MsgId: MMSG-13876]
uc_04_ticket_search_not_paid.c(561): Notify: Parameter Substitution: parameter "PORT" =  "1080"	[MsgId: MMSG-13992]
uc_04_ticket_search_not_paid.c(561): Notify: Parameter Substitution: parameter "HOST" =  "localhost"	[MsgId: MMSG-13992]
uc_04_ticket_search_not_paid.c(561): Notify: Next row for parameter PORT = 1 [table  = PORT].	[MsgId: MMSG-13876]
uc_04_ticket_search_not_paid.c(561): Notify: Parameter Substitution: parameter "PORT" =  "1080"	[MsgId: MMSG-13992]
uc_04_ticket_search_not_paid.c(561): Detected non-resource "http://localhost:1080/cgi-bin/nav.pl?in=home" in "http://localhost:1080/cgi-bin/welcome.pl?signOff=1"  	[MsgId: MMSG-26574]
uc_04_ticket_search_not_paid.c(561): Detected non-resource "http://localhost:1080/WebTours/home.html" in "http://localhost:1080/cgi-bin/welcome.pl?signOff=1"  	[MsgId: MMSG-26574]
uc_04_ticket_search_not_paid.c(561): Retrieving data from cache for "http://localhost:1080/WebTours/home.html"  	[MsgId: MMSG-26558]
uc_04_ticket_search_not_paid.c(561): Resource "http://localhost:1080/WebTours/images/mer_login.gif" is in the cache already and will not be downloaded again  	[MsgId: MMSG-26655]
uc_04_ticket_search_not_paid.c(561): Registered web_reg_find successful for "Text=Web Tours" (count=5)  	[MsgId: MMSG-26364]
uc_04_ticket_search_not_paid.c(561): web_url("welcome.pl") was successful, 2172 body bytes, 582 header bytes, 24 chunking overhead bytes  	[MsgId: MMSG-26385]
uc_04_ticket_search_not_paid.c(570): web_reg_find started  	[MsgId: MMSG-26355]
uc_04_ticket_search_not_paid.c(570): Registering web_reg_find was successful  	[MsgId: MMSG-26390]
uc_04_ticket_search_not_paid.c(575): web_url("nav.pl") started  	[MsgId: MMSG-26355]
uc_04_ticket_search_not_paid.c(575): Notify: Parameter Substitution: parameter "HOST" =  "localhost"	[MsgId: MMSG-13992]
uc_04_ticket_search_not_paid.c(575): Notify: Next row for parameter PORT = 1 [table  = PORT].	[MsgId: MMSG-13876]
uc_04_ticket_search_not_paid.c(575): Notify: Parameter Substitution: parameter "PORT" =  "1080"	[MsgId: MMSG-13992]
uc_04_ticket_search_not_paid.c(575): Notify: Parameter Substitution: parameter "HOST" =  "localhost"	[MsgId: MMSG-13992]
uc_04_ticket_search_not_paid.c(575): Notify: Next row for parameter PORT = 1 [table  = PORT].	[MsgId: MMSG-13876]
uc_04_ticket_search_not_paid.c(575): Notify: Parameter Substitution: parameter "PORT" =  "1080"	[MsgId: MMSG-13992]
uc_04_ticket_search_not_paid.c(575): Resource "http://localhost:1080/WebTours/images/mer_login.gif" is in the cache already and will not be downloaded again  	[MsgId: MMSG-26655]
uc_04_ticket_search_not_paid.c(575): Registered web_reg_find successful for "Text=Web Tours Navigation Bar" (count=1)  	[MsgId: MMSG-26364]
uc_04_ticket_search_not_paid.c(575): web_url("nav.pl") was successful, 1486 body bytes, 255 header bytes, 12 chunking overhead bytes  	[MsgId: MMSG-26385]
uc_04_ticket_search_not_paid.c(584): web_remove_auto_header("Sec-Fetch-Dest") started  	[MsgId: MMSG-26355]
uc_04_ticket_search_not_paid.c(584): Previous automatically added web header for "Sec-Fetch-Dest" removed  	[MsgId: MMSG-26587]
uc_04_ticket_search_not_paid.c(584): web_remove/revert_auto_header("Sec-Fetch-Dest") was successful  	[MsgId: MMSG-26392]
uc_04_ticket_search_not_paid.c(586): web_remove_auto_header("Sec-Fetch-Mode") started  	[MsgId: MMSG-26355]
uc_04_ticket_search_not_paid.c(586): Previous automatically added web header for "Sec-Fetch-Mode" removed  	[MsgId: MMSG-26587]
uc_04_ticket_search_not_paid.c(586): web_remove/revert_auto_header("Sec-Fetch-Mode") was successful  	[MsgId: MMSG-26392]
uc_04_ticket_search_not_paid.c(588): web_remove_auto_header("Sec-Fetch-Site") started  	[MsgId: MMSG-26355]
uc_04_ticket_search_not_paid.c(588): Previous automatically added web header for "Sec-Fetch-Site" removed  	[MsgId: MMSG-26587]
uc_04_ticket_search_not_paid.c(588): web_remove/revert_auto_header("Sec-Fetch-Site") was successful  	[MsgId: MMSG-26392]
uc_04_ticket_search_not_paid.c(590): web_reg_find started  	[MsgId: MMSG-26355]
uc_04_ticket_search_not_paid.c(590): Registering web_reg_find was successful  	[MsgId: MMSG-26390]
uc_04_ticket_search_not_paid.c(595): web_url("home.html") started  	[MsgId: MMSG-26355]
uc_04_ticket_search_not_paid.c(595): Notify: Parameter Substitution: parameter "HOST" =  "localhost"	[MsgId: MMSG-13992]
uc_04_ticket_search_not_paid.c(595): Notify: Next row for parameter PORT = 1 [table  = PORT].	[MsgId: MMSG-13876]
uc_04_ticket_search_not_paid.c(595): Notify: Parameter Substitution: parameter "PORT" =  "1080"	[MsgId: MMSG-13992]
uc_04_ticket_search_not_paid.c(595): Notify: Parameter Substitution: parameter "HOST" =  "localhost"	[MsgId: MMSG-13992]
uc_04_ticket_search_not_paid.c(595): Notify: Next row for parameter PORT = 1 [table  = PORT].	[MsgId: MMSG-13876]
uc_04_ticket_search_not_paid.c(595): Notify: Parameter Substitution: parameter "PORT" =  "1080"	[MsgId: MMSG-13992]
uc_04_ticket_search_not_paid.c(595): Retrieving data from cache for "http://localhost:1080/WebTours/home.html"  	[MsgId: MMSG-26558]
uc_04_ticket_search_not_paid.c(595): Registered web_reg_find successful for "Text=Web Tours" (count=3)  	[MsgId: MMSG-26364]
uc_04_ticket_search_not_paid.c(595): web_url("home.html") was successful, 0 body bytes, 0 header bytes  	[MsgId: MMSG-26386]
uc_04_ticket_search_not_paid.c(604): Notify: Transaction "logout" ended with a "Pass" status (Duration: 0,0990 Wasted Time: 0,0000).	[MsgId: MMSG-16871]
uc_04_ticket_search_not_paid.c(606): Notify: Transaction "uc_04_ticket_search_not_paid" ended with a "Pass" status (Duration: 15,9618 Think Time: 15,0258 Wasted Time: 0,0011).	[MsgId: MMSG-16870]
Ending action uc_04_ticket_search_not_paid.	[MsgId: MMSG-15918]
Ending iteration 1.	[MsgId: MMSG-15965]
Waiting 123,0370 seconds for iteration pacing.	[MsgId: MMSG-15996]
Action was aborted.	[MsgId: MMSG-10694]
Ending Vuser...	[MsgId: MMSG-15966]
Starting action vuser_end.	[MsgId: MMSG-15919]
Ending action vuser_end.	[MsgId: MMSG-15918]
Vuser Terminated.	[MsgId: MMSG-15963]
Vuser 0 (thread 12484), ended OK."	[MsgId: MMSG-10695]
