Virtual User Script started at: 22.12.2024 16:41:43
Starting action vuser_init.
Web Turbo Replay of LoadRunner 2020.0.0 for Windows 10; build 793 (ноя 27 2019 19:51:20)  	[MsgId: MMSG-26983]
Run mode: HTML  	[MsgId: MMSG-26993]
Replay user agent: Mozilla/5.0 (compatible; MSIE 10.0; Windows NT 6.1; Trident/6.0)  	[MsgId: MMSG-26988]
Runtime Settings file: "C:\NT_school\git\loadrunner\lr_script\uc_02_buy_flights_and_goto_itinerary\\default.cfg"  	[MsgId: MMSG-27141]
Ending action vuser_init.
Running Vuser...
Starting iteration 1.
Maximum number of concurrent connections per server: 6  	[MsgId: MMSG-26989]
Starting action uc_02_buy_flights_and_goto_itinerary.
uc_02_buy_flights_and_goto_itinerary.c(3): Notify: Transaction "uc_02_buy_flights_and_goto_itinerary" started.
uc_02_buy_flights_and_goto_itinerary.c(5): Notify: Transaction "open_start_page" started.
uc_02_buy_flights_and_goto_itinerary.c(7): web_add_header("Sec-Fetch-Dest") started  	[MsgId: MMSG-26355]
uc_02_buy_flights_and_goto_itinerary.c(7): web_add_header("Sec-Fetch-Dest") was successful  	[MsgId: MMSG-26392]
uc_02_buy_flights_and_goto_itinerary.c(10): web_add_header("Sec-Fetch-Mode") started  	[MsgId: MMSG-26355]
uc_02_buy_flights_and_goto_itinerary.c(10): web_add_header("Sec-Fetch-Mode") was successful  	[MsgId: MMSG-26392]
uc_02_buy_flights_and_goto_itinerary.c(13): web_add_header("Sec-Fetch-Site") started  	[MsgId: MMSG-26355]
uc_02_buy_flights_and_goto_itinerary.c(13): web_add_header("Sec-Fetch-Site") was successful  	[MsgId: MMSG-26392]
uc_02_buy_flights_and_goto_itinerary.c(16): web_add_header("Sec-Fetch-User") started  	[MsgId: MMSG-26355]
uc_02_buy_flights_and_goto_itinerary.c(16): web_add_header("Sec-Fetch-User") was successful  	[MsgId: MMSG-26392]
uc_02_buy_flights_and_goto_itinerary.c(19): web_add_auto_header("Upgrade-Insecure-Requests") started  	[MsgId: MMSG-26355]
uc_02_buy_flights_and_goto_itinerary.c(19): web_add_auto_header("Upgrade-Insecure-Requests") was successful  	[MsgId: MMSG-26392]
uc_02_buy_flights_and_goto_itinerary.c(22): web_add_auto_header("sec-ch-ua") started  	[MsgId: MMSG-26355]
uc_02_buy_flights_and_goto_itinerary.c(22): web_add_auto_header("sec-ch-ua") was successful  	[MsgId: MMSG-26392]
uc_02_buy_flights_and_goto_itinerary.c(25): web_add_auto_header("sec-ch-ua-mobile") started  	[MsgId: MMSG-26355]
uc_02_buy_flights_and_goto_itinerary.c(25): web_add_auto_header("sec-ch-ua-mobile") was successful  	[MsgId: MMSG-26392]
uc_02_buy_flights_and_goto_itinerary.c(28): web_add_auto_header("sec-ch-ua-platform") started  	[MsgId: MMSG-26355]
uc_02_buy_flights_and_goto_itinerary.c(28): web_add_auto_header("sec-ch-ua-platform") was successful  	[MsgId: MMSG-26392]
uc_02_buy_flights_and_goto_itinerary.c(31): web_reg_find started  	[MsgId: MMSG-26355]
uc_02_buy_flights_and_goto_itinerary.c(31): Registering web_reg_find was successful  	[MsgId: MMSG-26390]
uc_02_buy_flights_and_goto_itinerary.c(36): web_url("WebTours") started  	[MsgId: MMSG-26355]
uc_02_buy_flights_and_goto_itinerary.c(36): Notify: Parameter Substitution: parameter "HOST" =  "localhost"
uc_02_buy_flights_and_goto_itinerary.c(36): Notify: Next row for parameter PORT = 1 [table  = PORT].
uc_02_buy_flights_and_goto_itinerary.c(36): Notify: Parameter Substitution: parameter "PORT" =  "1080"
uc_02_buy_flights_and_goto_itinerary.c(36): Detected non-resource "http://localhost:1080/WebTours/header.html" in "http://localhost:1080/WebTours/"  	[MsgId: MMSG-26574]
uc_02_buy_flights_and_goto_itinerary.c(36): Detected non-resource "http://localhost:1080/cgi-bin/welcome.pl?signOff=true" in "http://localhost:1080/WebTours/"  	[MsgId: MMSG-26574]
uc_02_buy_flights_and_goto_itinerary.c(36): Found resource "http://localhost:1080/WebTours/images/hp_logo.png" in HTML "http://localhost:1080/WebTours/header.html"  	[MsgId: MMSG-26659]
uc_02_buy_flights_and_goto_itinerary.c(36): Found resource "http://localhost:1080/WebTours/images/webtours.png" in HTML "http://localhost:1080/WebTours/header.html"  	[MsgId: MMSG-26659]
uc_02_buy_flights_and_goto_itinerary.c(36): Detected non-resource "http://localhost:1080/cgi-bin/nav.pl?in=home" in "http://localhost:1080/cgi-bin/welcome.pl?signOff=true"  	[MsgId: MMSG-26574]
uc_02_buy_flights_and_goto_itinerary.c(36): Detected non-resource "http://localhost:1080/WebTours/home.html" in "http://localhost:1080/cgi-bin/welcome.pl?signOff=true"  	[MsgId: MMSG-26574]
uc_02_buy_flights_and_goto_itinerary.c(36): Found resource "http://localhost:1080/WebTours/images/mer_login.gif" in HTML "http://localhost:1080/cgi-bin/nav.pl?in=home"  	[MsgId: MMSG-26659]
uc_02_buy_flights_and_goto_itinerary.c(36): Registered web_reg_find successful for "Text=Web Tours" (count=6)  	[MsgId: MMSG-26364]
uc_02_buy_flights_and_goto_itinerary.c(36): web_url("WebTours") was successful, 10080 body bytes, 2371 header bytes, 24 chunking overhead bytes  	[MsgId: MMSG-26385]
uc_02_buy_flights_and_goto_itinerary.c(44): web_url("header.html") started  	[MsgId: MMSG-26355]
uc_02_buy_flights_and_goto_itinerary.c(44): Notify: Parameter Substitution: parameter "HOST" =  "localhost"
uc_02_buy_flights_and_goto_itinerary.c(44): Notify: Next row for parameter PORT = 1 [table  = PORT].
uc_02_buy_flights_and_goto_itinerary.c(44): Notify: Parameter Substitution: parameter "PORT" =  "1080"
uc_02_buy_flights_and_goto_itinerary.c(44): Notify: Parameter Substitution: parameter "HOST" =  "localhost"
uc_02_buy_flights_and_goto_itinerary.c(44): Notify: Next row for parameter PORT = 1 [table  = PORT].
uc_02_buy_flights_and_goto_itinerary.c(44): Notify: Parameter Substitution: parameter "PORT" =  "1080"
uc_02_buy_flights_and_goto_itinerary.c(44): Retrieving data from cache for "http://localhost:1080/WebTours/header.html"  	[MsgId: MMSG-26558]
uc_02_buy_flights_and_goto_itinerary.c(44): Resource "http://localhost:1080/WebTours/images/hp_logo.png" is in the cache already and will not be downloaded again  	[MsgId: MMSG-26655]
uc_02_buy_flights_and_goto_itinerary.c(44): Resource "http://localhost:1080/WebTours/images/webtours.png" is in the cache already and will not be downloaded again  	[MsgId: MMSG-26655]
uc_02_buy_flights_and_goto_itinerary.c(44): web_url("header.html") was successful, 0 body bytes, 0 header bytes  	[MsgId: MMSG-26386]
uc_02_buy_flights_and_goto_itinerary.c(53): web_add_auto_header("Sec-Fetch-Dest") started  	[MsgId: MMSG-26355]
uc_02_buy_flights_and_goto_itinerary.c(53): web_add_auto_header("Sec-Fetch-Dest") was successful  	[MsgId: MMSG-26392]
uc_02_buy_flights_and_goto_itinerary.c(56): web_add_auto_header("Sec-Fetch-Mode") started  	[MsgId: MMSG-26355]
uc_02_buy_flights_and_goto_itinerary.c(56): web_add_auto_header("Sec-Fetch-Mode") was successful  	[MsgId: MMSG-26392]
uc_02_buy_flights_and_goto_itinerary.c(59): web_add_auto_header("Sec-Fetch-Site") started  	[MsgId: MMSG-26355]
uc_02_buy_flights_and_goto_itinerary.c(59): web_add_auto_header("Sec-Fetch-Site") was successful  	[MsgId: MMSG-26392]
uc_02_buy_flights_and_goto_itinerary.c(62): web_reg_find started  	[MsgId: MMSG-26355]
uc_02_buy_flights_and_goto_itinerary.c(62): Registering web_reg_find was successful  	[MsgId: MMSG-26390]
uc_02_buy_flights_and_goto_itinerary.c(67): web_url("welcome.pl") started  	[MsgId: MMSG-26355]
uc_02_buy_flights_and_goto_itinerary.c(67): Notify: Parameter Substitution: parameter "HOST" =  "localhost"
uc_02_buy_flights_and_goto_itinerary.c(67): Notify: Next row for parameter PORT = 1 [table  = PORT].
uc_02_buy_flights_and_goto_itinerary.c(67): Notify: Parameter Substitution: parameter "PORT" =  "1080"
uc_02_buy_flights_and_goto_itinerary.c(67): Notify: Parameter Substitution: parameter "HOST" =  "localhost"
uc_02_buy_flights_and_goto_itinerary.c(67): Notify: Next row for parameter PORT = 1 [table  = PORT].
uc_02_buy_flights_and_goto_itinerary.c(67): Notify: Parameter Substitution: parameter "PORT" =  "1080"
uc_02_buy_flights_and_goto_itinerary.c(67): Detected non-resource "http://localhost:1080/cgi-bin/nav.pl?in=home" in "http://localhost:1080/cgi-bin/welcome.pl?signOff=true"  	[MsgId: MMSG-26574]
uc_02_buy_flights_and_goto_itinerary.c(67): Detected non-resource "http://localhost:1080/WebTours/home.html" in "http://localhost:1080/cgi-bin/welcome.pl?signOff=true"  	[MsgId: MMSG-26574]
uc_02_buy_flights_and_goto_itinerary.c(67): Retrieving data from cache for "http://localhost:1080/WebTours/home.html"  	[MsgId: MMSG-26558]
uc_02_buy_flights_and_goto_itinerary.c(67): Resource "http://localhost:1080/WebTours/images/mer_login.gif" is in the cache already and will not be downloaded again  	[MsgId: MMSG-26655]
uc_02_buy_flights_and_goto_itinerary.c(67): Registered web_reg_find successful for "Text=Web Tours" (count=5)  	[MsgId: MMSG-26364]
uc_02_buy_flights_and_goto_itinerary.c(67): web_url("welcome.pl") was successful, 2176 body bytes, 582 header bytes, 24 chunking overhead bytes  	[MsgId: MMSG-26385]
uc_02_buy_flights_and_goto_itinerary.c(76): web_reg_save_param_ex started  	[MsgId: MMSG-26355]
uc_02_buy_flights_and_goto_itinerary.c(76): Registering web_reg_save_param_ex was successful  	[MsgId: MMSG-26390]
uc_02_buy_flights_and_goto_itinerary.c(85): web_reg_find started  	[MsgId: MMSG-26355]
uc_02_buy_flights_and_goto_itinerary.c(85): Registering web_reg_find was successful  	[MsgId: MMSG-26390]
uc_02_buy_flights_and_goto_itinerary.c(90): web_url("nav.pl") started  	[MsgId: MMSG-26355]
uc_02_buy_flights_and_goto_itinerary.c(90): Notify: Parameter Substitution: parameter "HOST" =  "localhost"
uc_02_buy_flights_and_goto_itinerary.c(90): Notify: Next row for parameter PORT = 1 [table  = PORT].
uc_02_buy_flights_and_goto_itinerary.c(90): Notify: Parameter Substitution: parameter "PORT" =  "1080"
uc_02_buy_flights_and_goto_itinerary.c(90): Notify: Parameter Substitution: parameter "HOST" =  "localhost"
uc_02_buy_flights_and_goto_itinerary.c(90): Notify: Next row for parameter PORT = 1 [table  = PORT].
uc_02_buy_flights_and_goto_itinerary.c(90): Notify: Parameter Substitution: parameter "PORT" =  "1080"
uc_02_buy_flights_and_goto_itinerary.c(90): Notify: Saving Parameter "USERSESSION = 140532.596435804HcciztfptcQVzzzHtDDHVpiHcfHf".
uc_02_buy_flights_and_goto_itinerary.c(90): Resource "http://localhost:1080/WebTours/images/mer_login.gif" is in the cache already and will not be downloaded again  	[MsgId: MMSG-26655]
uc_02_buy_flights_and_goto_itinerary.c(90): Registered web_reg_find successful for "Text=Web Tours Navigation Bar" (count=1)  	[MsgId: MMSG-26364]
uc_02_buy_flights_and_goto_itinerary.c(90): web_url("nav.pl") was successful, 1490 body bytes, 255 header bytes, 12 chunking overhead bytes  	[MsgId: MMSG-26385]
uc_02_buy_flights_and_goto_itinerary.c(99): web_remove_auto_header("Sec-Fetch-Dest") started  	[MsgId: MMSG-26355]
uc_02_buy_flights_and_goto_itinerary.c(99): Previous automatically added web header for "Sec-Fetch-Dest" removed  	[MsgId: MMSG-26587]
uc_02_buy_flights_and_goto_itinerary.c(99): web_remove/revert_auto_header("Sec-Fetch-Dest") was successful  	[MsgId: MMSG-26392]
uc_02_buy_flights_and_goto_itinerary.c(101): web_remove_auto_header("Sec-Fetch-Mode") started  	[MsgId: MMSG-26355]
uc_02_buy_flights_and_goto_itinerary.c(101): Previous automatically added web header for "Sec-Fetch-Mode" removed  	[MsgId: MMSG-26587]
uc_02_buy_flights_and_goto_itinerary.c(101): web_remove/revert_auto_header("Sec-Fetch-Mode") was successful  	[MsgId: MMSG-26392]
uc_02_buy_flights_and_goto_itinerary.c(103): web_remove_auto_header("Sec-Fetch-Site") started  	[MsgId: MMSG-26355]
uc_02_buy_flights_and_goto_itinerary.c(103): Previous automatically added web header for "Sec-Fetch-Site" removed  	[MsgId: MMSG-26587]
uc_02_buy_flights_and_goto_itinerary.c(103): web_remove/revert_auto_header("Sec-Fetch-Site") was successful  	[MsgId: MMSG-26392]
uc_02_buy_flights_and_goto_itinerary.c(105): web_reg_find started  	[MsgId: MMSG-26355]
uc_02_buy_flights_and_goto_itinerary.c(105): Registering web_reg_find was successful  	[MsgId: MMSG-26390]
uc_02_buy_flights_and_goto_itinerary.c(110): web_url("home.html") started  	[MsgId: MMSG-26355]
uc_02_buy_flights_and_goto_itinerary.c(110): Notify: Parameter Substitution: parameter "HOST" =  "localhost"
uc_02_buy_flights_and_goto_itinerary.c(110): Notify: Next row for parameter PORT = 1 [table  = PORT].
uc_02_buy_flights_and_goto_itinerary.c(110): Notify: Parameter Substitution: parameter "PORT" =  "1080"
uc_02_buy_flights_and_goto_itinerary.c(110): Notify: Parameter Substitution: parameter "HOST" =  "localhost"
uc_02_buy_flights_and_goto_itinerary.c(110): Notify: Next row for parameter PORT = 1 [table  = PORT].
uc_02_buy_flights_and_goto_itinerary.c(110): Notify: Parameter Substitution: parameter "PORT" =  "1080"
uc_02_buy_flights_and_goto_itinerary.c(110): Retrieving data from cache for "http://localhost:1080/WebTours/home.html"  	[MsgId: MMSG-26558]
uc_02_buy_flights_and_goto_itinerary.c(110): Registered web_reg_find successful for "Text=Web Tours" (count=3)  	[MsgId: MMSG-26364]
uc_02_buy_flights_and_goto_itinerary.c(110): web_url("home.html") was successful, 0 body bytes, 0 header bytes  	[MsgId: MMSG-26386]
uc_02_buy_flights_and_goto_itinerary.c(119): Notify: Transaction "open_start_page" ended with a "Pass" status (Duration: 0.2631 Wasted Time: 0.0651).
uc_02_buy_flights_and_goto_itinerary.c(121): lr_think_time: 2.00 seconds.
uc_02_buy_flights_and_goto_itinerary.c(123): Notify: Transaction "do_login" started.
uc_02_buy_flights_and_goto_itinerary.c(125): web_add_header("Origin") started  	[MsgId: MMSG-26355]
uc_02_buy_flights_and_goto_itinerary.c(125): Notify: Parameter Substitution: parameter "HOST" =  "localhost"
uc_02_buy_flights_and_goto_itinerary.c(125): Notify: Next row for parameter PORT = 1 [table  = PORT].
uc_02_buy_flights_and_goto_itinerary.c(125): Notify: Parameter Substitution: parameter "PORT" =  "1080"
uc_02_buy_flights_and_goto_itinerary.c(125): web_add_header("Origin") was successful  	[MsgId: MMSG-26392]
uc_02_buy_flights_and_goto_itinerary.c(128): web_add_auto_header("Sec-Fetch-Dest") started  	[MsgId: MMSG-26355]
uc_02_buy_flights_and_goto_itinerary.c(128): web_add_auto_header("Sec-Fetch-Dest") was successful  	[MsgId: MMSG-26392]
uc_02_buy_flights_and_goto_itinerary.c(131): web_add_auto_header("Sec-Fetch-Mode") started  	[MsgId: MMSG-26355]
uc_02_buy_flights_and_goto_itinerary.c(131): web_add_auto_header("Sec-Fetch-Mode") was successful  	[MsgId: MMSG-26392]
uc_02_buy_flights_and_goto_itinerary.c(134): web_add_auto_header("Sec-Fetch-Site") started  	[MsgId: MMSG-26355]
uc_02_buy_flights_and_goto_itinerary.c(134): web_add_auto_header("Sec-Fetch-Site") was successful  	[MsgId: MMSG-26392]
uc_02_buy_flights_and_goto_itinerary.c(137): web_add_header("Sec-Fetch-User") started  	[MsgId: MMSG-26355]
uc_02_buy_flights_and_goto_itinerary.c(137): web_add_header("Sec-Fetch-User") was successful  	[MsgId: MMSG-26392]
uc_02_buy_flights_and_goto_itinerary.c(140): web_add_auto_header("Upgrade-Insecure-Requests") started  	[MsgId: MMSG-26355]
uc_02_buy_flights_and_goto_itinerary.c(140): web_add_auto_header("Upgrade-Insecure-Requests") was successful  	[MsgId: MMSG-26392]
uc_02_buy_flights_and_goto_itinerary.c(143): web_add_auto_header("sec-ch-ua") started  	[MsgId: MMSG-26355]
uc_02_buy_flights_and_goto_itinerary.c(143): web_add_auto_header("sec-ch-ua") was successful  	[MsgId: MMSG-26392]
uc_02_buy_flights_and_goto_itinerary.c(146): web_add_auto_header("sec-ch-ua-mobile") started  	[MsgId: MMSG-26355]
uc_02_buy_flights_and_goto_itinerary.c(146): web_add_auto_header("sec-ch-ua-mobile") was successful  	[MsgId: MMSG-26392]
uc_02_buy_flights_and_goto_itinerary.c(149): web_add_auto_header("sec-ch-ua-platform") started  	[MsgId: MMSG-26355]
uc_02_buy_flights_and_goto_itinerary.c(149): web_add_auto_header("sec-ch-ua-platform") was successful  	[MsgId: MMSG-26392]
uc_02_buy_flights_and_goto_itinerary.c(152): web_reg_find started  	[MsgId: MMSG-26355]
uc_02_buy_flights_and_goto_itinerary.c(152): Registering web_reg_find was successful  	[MsgId: MMSG-26390]
uc_02_buy_flights_and_goto_itinerary.c(157): web_reg_find started  	[MsgId: MMSG-26355]
uc_02_buy_flights_and_goto_itinerary.c(157): Notify: Parameter Substitution: parameter "USERSESSION" =  "140532.596435804HcciztfptcQVzzzHtDDHVpiHcfHf"
uc_02_buy_flights_and_goto_itinerary.c(157): Registering web_reg_find was successful  	[MsgId: MMSG-26390]
uc_02_buy_flights_and_goto_itinerary.c(162): web_submit_data("login.pl") started  	[MsgId: MMSG-26355]
uc_02_buy_flights_and_goto_itinerary.c(162): Notify: Parameter Substitution: parameter "HOST" =  "localhost"
uc_02_buy_flights_and_goto_itinerary.c(162): Notify: Next row for parameter PORT = 1 [table  = PORT].
uc_02_buy_flights_and_goto_itinerary.c(162): Notify: Parameter Substitution: parameter "PORT" =  "1080"
uc_02_buy_flights_and_goto_itinerary.c(162): Notify: Parameter Substitution: parameter "HOST" =  "localhost"
uc_02_buy_flights_and_goto_itinerary.c(162): Notify: Next row for parameter PORT = 1 [table  = PORT].
uc_02_buy_flights_and_goto_itinerary.c(162): Notify: Parameter Substitution: parameter "PORT" =  "1080"
uc_02_buy_flights_and_goto_itinerary.c(162): Notify: Parameter Substitution: parameter "USERSESSION" =  "140532.596435804HcciztfptcQVzzzHtDDHVpiHcfHf"
uc_02_buy_flights_and_goto_itinerary.c(162): Notify: Parameter Substitution: parameter "USERNAME" =  "DanWaves"
uc_02_buy_flights_and_goto_itinerary.c(162): Notify: Next row for parameter PASSWORD = 1 [table  = PASSWORD].
uc_02_buy_flights_and_goto_itinerary.c(162): Notify: Parameter Substitution: parameter "PASSWORD" =  "Bright543"
uc_02_buy_flights_and_goto_itinerary.c(162): Detected non-resource "http://localhost:1080/cgi-bin/nav.pl?page=menu&in=home" in "http://localhost:1080/cgi-bin/login.pl"  	[MsgId: MMSG-26574]
uc_02_buy_flights_and_goto_itinerary.c(162): Detected non-resource "http://localhost:1080/cgi-bin/login.pl?intro=true" in "http://localhost:1080/cgi-bin/login.pl"  	[MsgId: MMSG-26574]
uc_02_buy_flights_and_goto_itinerary.c(162): Found resource "http://localhost:1080/WebTours/images/flights.gif" in HTML "http://localhost:1080/cgi-bin/nav.pl?page=menu&in=home"  	[MsgId: MMSG-26659]
uc_02_buy_flights_and_goto_itinerary.c(162): Found resource "http://localhost:1080/WebTours/images/itinerary.gif" in HTML "http://localhost:1080/cgi-bin/nav.pl?page=menu&in=home"  	[MsgId: MMSG-26659]
uc_02_buy_flights_and_goto_itinerary.c(162): Found resource "http://localhost:1080/WebTours/images/in_home.gif" in HTML "http://localhost:1080/cgi-bin/nav.pl?page=menu&in=home"  	[MsgId: MMSG-26659]
uc_02_buy_flights_and_goto_itinerary.c(162): Found resource "http://localhost:1080/WebTours/images/signoff.gif" in HTML "http://localhost:1080/cgi-bin/nav.pl?page=menu&in=home"  	[MsgId: MMSG-26659]
uc_02_buy_flights_and_goto_itinerary.c(162): Registered web_reg_find successful for "Text=User password was correct" (count=1)  	[MsgId: MMSG-26364]
uc_02_buy_flights_and_goto_itinerary.c(162): Registered web_reg_find successful for "Text=name="userSession" value="140532.596435804HcciztfptcQVzzzHtDDHVpiHcfHf""  	[MsgId: MMSG-26362]
uc_02_buy_flights_and_goto_itinerary.c(162): web_submit_data("login.pl") was successful, 5783 body bytes, 2059 header bytes, 36 chunking overhead bytes  	[MsgId: MMSG-26385]
uc_02_buy_flights_and_goto_itinerary.c(178): web_reg_find started  	[MsgId: MMSG-26355]
uc_02_buy_flights_and_goto_itinerary.c(178): Registering web_reg_find was successful  	[MsgId: MMSG-26390]
uc_02_buy_flights_and_goto_itinerary.c(183): web_url("nav.pl") started  	[MsgId: MMSG-26355]
uc_02_buy_flights_and_goto_itinerary.c(183): Notify: Parameter Substitution: parameter "HOST" =  "localhost"
uc_02_buy_flights_and_goto_itinerary.c(183): Notify: Next row for parameter PORT = 1 [table  = PORT].
uc_02_buy_flights_and_goto_itinerary.c(183): Notify: Parameter Substitution: parameter "PORT" =  "1080"
uc_02_buy_flights_and_goto_itinerary.c(183): Notify: Parameter Substitution: parameter "HOST" =  "localhost"
uc_02_buy_flights_and_goto_itinerary.c(183): Notify: Next row for parameter PORT = 1 [table  = PORT].
uc_02_buy_flights_and_goto_itinerary.c(183): Notify: Parameter Substitution: parameter "PORT" =  "1080"
uc_02_buy_flights_and_goto_itinerary.c(183): Resource "http://localhost:1080/WebTours/images/flights.gif" is in the cache already and will not be downloaded again  	[MsgId: MMSG-26655]
uc_02_buy_flights_and_goto_itinerary.c(183): Resource "http://localhost:1080/WebTours/images/itinerary.gif" is in the cache already and will not be downloaded again  	[MsgId: MMSG-26655]
uc_02_buy_flights_and_goto_itinerary.c(183): Resource "http://localhost:1080/WebTours/images/in_home.gif" is in the cache already and will not be downloaded again  	[MsgId: MMSG-26655]
uc_02_buy_flights_and_goto_itinerary.c(183): Resource "http://localhost:1080/WebTours/images/signoff.gif" is in the cache already and will not be downloaded again  	[MsgId: MMSG-26655]
uc_02_buy_flights_and_goto_itinerary.c(183): Registered web_reg_find successful for "Text=Web Tours Navigation Bar" (count=1)  	[MsgId: MMSG-26364]
uc_02_buy_flights_and_goto_itinerary.c(183): web_url("nav.pl") was successful, 1482 body bytes, 255 header bytes, 12 chunking overhead bytes  	[MsgId: MMSG-26385]
uc_02_buy_flights_and_goto_itinerary.c(192): web_reg_find started  	[MsgId: MMSG-26355]
uc_02_buy_flights_and_goto_itinerary.c(192): Registering web_reg_find was successful  	[MsgId: MMSG-26390]
uc_02_buy_flights_and_goto_itinerary.c(197): web_url("login.pl_2") started  	[MsgId: MMSG-26355]
uc_02_buy_flights_and_goto_itinerary.c(197): Notify: Parameter Substitution: parameter "HOST" =  "localhost"
uc_02_buy_flights_and_goto_itinerary.c(197): Notify: Next row for parameter PORT = 1 [table  = PORT].
uc_02_buy_flights_and_goto_itinerary.c(197): Notify: Parameter Substitution: parameter "PORT" =  "1080"
uc_02_buy_flights_and_goto_itinerary.c(197): Notify: Parameter Substitution: parameter "HOST" =  "localhost"
uc_02_buy_flights_and_goto_itinerary.c(197): Notify: Next row for parameter PORT = 1 [table  = PORT].
uc_02_buy_flights_and_goto_itinerary.c(197): Notify: Parameter Substitution: parameter "PORT" =  "1080"
uc_02_buy_flights_and_goto_itinerary.c(197): Registered web_reg_find successful for "Text=Welcome to Web Tours" (count=1)  	[MsgId: MMSG-26364]
uc_02_buy_flights_and_goto_itinerary.c(197): web_url("login.pl_2") was successful, 922 body bytes, 228 header bytes, 12 chunking overhead bytes  	[MsgId: MMSG-26385]
uc_02_buy_flights_and_goto_itinerary.c(206): Notify: Transaction "do_login" ended with a "Pass" status (Duration: 0.2082 Wasted Time: 0.0095).
uc_02_buy_flights_and_goto_itinerary.c(208): lr_think_time: 2.00 seconds.
uc_02_buy_flights_and_goto_itinerary.c(210): Notify: Transaction "open_flights" started.
uc_02_buy_flights_and_goto_itinerary.c(212): web_add_auto_header("Sec-Fetch-Dest") started  	[MsgId: MMSG-26355]
uc_02_buy_flights_and_goto_itinerary.c(212): web_add_auto_header("Sec-Fetch-Dest") was successful  	[MsgId: MMSG-26392]
uc_02_buy_flights_and_goto_itinerary.c(215): web_add_auto_header("Sec-Fetch-Mode") started  	[MsgId: MMSG-26355]
uc_02_buy_flights_and_goto_itinerary.c(215): web_add_auto_header("Sec-Fetch-Mode") was successful  	[MsgId: MMSG-26392]
uc_02_buy_flights_and_goto_itinerary.c(218): web_add_auto_header("Sec-Fetch-Site") started  	[MsgId: MMSG-26355]
uc_02_buy_flights_and_goto_itinerary.c(218): web_add_auto_header("Sec-Fetch-Site") was successful  	[MsgId: MMSG-26392]
uc_02_buy_flights_and_goto_itinerary.c(221): web_add_header("Sec-Fetch-User") started  	[MsgId: MMSG-26355]
uc_02_buy_flights_and_goto_itinerary.c(221): web_add_header("Sec-Fetch-User") was successful  	[MsgId: MMSG-26392]
uc_02_buy_flights_and_goto_itinerary.c(224): web_add_auto_header("Upgrade-Insecure-Requests") started  	[MsgId: MMSG-26355]
uc_02_buy_flights_and_goto_itinerary.c(224): web_add_auto_header("Upgrade-Insecure-Requests") was successful  	[MsgId: MMSG-26392]
uc_02_buy_flights_and_goto_itinerary.c(227): web_add_auto_header("sec-ch-ua") started  	[MsgId: MMSG-26355]
uc_02_buy_flights_and_goto_itinerary.c(227): web_add_auto_header("sec-ch-ua") was successful  	[MsgId: MMSG-26392]
uc_02_buy_flights_and_goto_itinerary.c(230): web_add_auto_header("sec-ch-ua-mobile") started  	[MsgId: MMSG-26355]
uc_02_buy_flights_and_goto_itinerary.c(230): web_add_auto_header("sec-ch-ua-mobile") was successful  	[MsgId: MMSG-26392]
uc_02_buy_flights_and_goto_itinerary.c(233): web_add_auto_header("sec-ch-ua-platform") started  	[MsgId: MMSG-26355]
uc_02_buy_flights_and_goto_itinerary.c(233): web_add_auto_header("sec-ch-ua-platform") was successful  	[MsgId: MMSG-26392]
uc_02_buy_flights_and_goto_itinerary.c(236): web_reg_find started  	[MsgId: MMSG-26355]
uc_02_buy_flights_and_goto_itinerary.c(236): Registering web_reg_find was successful  	[MsgId: MMSG-26390]
uc_02_buy_flights_and_goto_itinerary.c(241): web_url("welcome.pl") started  	[MsgId: MMSG-26355]
uc_02_buy_flights_and_goto_itinerary.c(241): Notify: Parameter Substitution: parameter "HOST" =  "localhost"
uc_02_buy_flights_and_goto_itinerary.c(241): Notify: Next row for parameter PORT = 1 [table  = PORT].
uc_02_buy_flights_and_goto_itinerary.c(241): Notify: Parameter Substitution: parameter "PORT" =  "1080"
uc_02_buy_flights_and_goto_itinerary.c(241): Notify: Parameter Substitution: parameter "HOST" =  "localhost"
uc_02_buy_flights_and_goto_itinerary.c(241): Notify: Next row for parameter PORT = 1 [table  = PORT].
uc_02_buy_flights_and_goto_itinerary.c(241): Notify: Parameter Substitution: parameter "PORT" =  "1080"
uc_02_buy_flights_and_goto_itinerary.c(241): Detected non-resource "http://localhost:1080/cgi-bin/nav.pl?page=menu&in=flights" in "http://localhost:1080/cgi-bin/welcome.pl?page=search"  	[MsgId: MMSG-26574]
uc_02_buy_flights_and_goto_itinerary.c(241): Detected non-resource "http://localhost:1080/cgi-bin/reservations.pl?page=welcome" in "http://localhost:1080/cgi-bin/welcome.pl?page=search"  	[MsgId: MMSG-26574]
uc_02_buy_flights_and_goto_itinerary.c(241): Found resource "http://localhost:1080/WebTours/images/in_flights.gif" in HTML "http://localhost:1080/cgi-bin/nav.pl?page=menu&in=flights"  	[MsgId: MMSG-26659]
uc_02_buy_flights_and_goto_itinerary.c(241): Resource "http://localhost:1080/WebTours/images/itinerary.gif" is in the cache already and will not be downloaded again  	[MsgId: MMSG-26655]
uc_02_buy_flights_and_goto_itinerary.c(241): Found resource "http://localhost:1080/WebTours/images/home.gif" in HTML "http://localhost:1080/cgi-bin/nav.pl?page=menu&in=flights"  	[MsgId: MMSG-26659]
uc_02_buy_flights_and_goto_itinerary.c(241): Resource "http://localhost:1080/WebTours/images/signoff.gif" is in the cache already and will not be downloaded again  	[MsgId: MMSG-26655]
uc_02_buy_flights_and_goto_itinerary.c(241): Found resource "http://localhost:1080/WebTours/images/button_next.gif" in HTML "http://localhost:1080/cgi-bin/reservations.pl?page=welcome"  	[MsgId: MMSG-26659]
uc_02_buy_flights_and_goto_itinerary.c(241): Registered web_reg_find successful for "Text=Web Tours" (count=2)  	[MsgId: MMSG-26364]
uc_02_buy_flights_and_goto_itinerary.c(241): web_url("welcome.pl") was successful, 8516 body bytes, 1616 header bytes, 43 chunking overhead bytes  	[MsgId: MMSG-26385]
uc_02_buy_flights_and_goto_itinerary.c(250): web_reg_find started  	[MsgId: MMSG-26355]
uc_02_buy_flights_and_goto_itinerary.c(250): Registering web_reg_find was successful  	[MsgId: MMSG-26390]
uc_02_buy_flights_and_goto_itinerary.c(255): web_url("nav.pl") started  	[MsgId: MMSG-26355]
uc_02_buy_flights_and_goto_itinerary.c(255): Notify: Parameter Substitution: parameter "HOST" =  "localhost"
uc_02_buy_flights_and_goto_itinerary.c(255): Notify: Next row for parameter PORT = 1 [table  = PORT].
uc_02_buy_flights_and_goto_itinerary.c(255): Notify: Parameter Substitution: parameter "PORT" =  "1080"
uc_02_buy_flights_and_goto_itinerary.c(255): Notify: Parameter Substitution: parameter "HOST" =  "localhost"
uc_02_buy_flights_and_goto_itinerary.c(255): Notify: Next row for parameter PORT = 1 [table  = PORT].
uc_02_buy_flights_and_goto_itinerary.c(255): Notify: Parameter Substitution: parameter "PORT" =  "1080"
uc_02_buy_flights_and_goto_itinerary.c(255): Resource "http://localhost:1080/WebTours/images/in_flights.gif" is in the cache already and will not be downloaded again  	[MsgId: MMSG-26655]
uc_02_buy_flights_and_goto_itinerary.c(255): Resource "http://localhost:1080/WebTours/images/itinerary.gif" is in the cache already and will not be downloaded again  	[MsgId: MMSG-26655]
uc_02_buy_flights_and_goto_itinerary.c(255): Resource "http://localhost:1080/WebTours/images/home.gif" is in the cache already and will not be downloaded again  	[MsgId: MMSG-26655]
uc_02_buy_flights_and_goto_itinerary.c(255): Resource "http://localhost:1080/WebTours/images/signoff.gif" is in the cache already and will not be downloaded again  	[MsgId: MMSG-26655]
uc_02_buy_flights_and_goto_itinerary.c(255): Registered web_reg_find successful for "Text=Web Tours Navigation Bar" (count=1)  	[MsgId: MMSG-26364]
uc_02_buy_flights_and_goto_itinerary.c(255): web_url("nav.pl") was successful, 1482 body bytes, 255 header bytes, 12 chunking overhead bytes  	[MsgId: MMSG-26385]
uc_02_buy_flights_and_goto_itinerary.c(264): web_reg_find started  	[MsgId: MMSG-26355]
uc_02_buy_flights_and_goto_itinerary.c(264): Registering web_reg_find was successful  	[MsgId: MMSG-26390]
uc_02_buy_flights_and_goto_itinerary.c(269): web_reg_save_param_ex started  	[MsgId: MMSG-26355]
uc_02_buy_flights_and_goto_itinerary.c(269): Registering web_reg_save_param_ex was successful  	[MsgId: MMSG-26390]
uc_02_buy_flights_and_goto_itinerary.c(278): web_reg_save_param_ex started  	[MsgId: MMSG-26355]
uc_02_buy_flights_and_goto_itinerary.c(278): Registering web_reg_save_param_ex was successful  	[MsgId: MMSG-26390]
uc_02_buy_flights_and_goto_itinerary.c(287): web_url("reservations.pl") started  	[MsgId: MMSG-26355]
uc_02_buy_flights_and_goto_itinerary.c(287): Notify: Parameter Substitution: parameter "HOST" =  "localhost"
uc_02_buy_flights_and_goto_itinerary.c(287): Notify: Next row for parameter PORT = 1 [table  = PORT].
uc_02_buy_flights_and_goto_itinerary.c(287): Notify: Parameter Substitution: parameter "PORT" =  "1080"
uc_02_buy_flights_and_goto_itinerary.c(287): Notify: Parameter Substitution: parameter "HOST" =  "localhost"
uc_02_buy_flights_and_goto_itinerary.c(287): Notify: Next row for parameter PORT = 1 [table  = PORT].
uc_02_buy_flights_and_goto_itinerary.c(287): Notify: Parameter Substitution: parameter "PORT" =  "1080"
uc_02_buy_flights_and_goto_itinerary.c(287): Notify: Saving Parameter "SEATPREF_1 = Aisle".
uc_02_buy_flights_and_goto_itinerary.c(287): Notify: Saving Parameter "SEATPREF_2 = Window".
uc_02_buy_flights_and_goto_itinerary.c(287): Notify: Saving Parameter "SEATPREF_3 = None".
uc_02_buy_flights_and_goto_itinerary.c(287): Notify: Saving Parameter "SEATTYPE_1 = First".
uc_02_buy_flights_and_goto_itinerary.c(287): Notify: Saving Parameter "SEATTYPE_2 = Business".
uc_02_buy_flights_and_goto_itinerary.c(287): Notify: Saving Parameter "SEATTYPE_3 = Coach".
uc_02_buy_flights_and_goto_itinerary.c(287): Resource "http://localhost:1080/WebTours/images/button_next.gif" is in the cache already and will not be downloaded again  	[MsgId: MMSG-26655]
uc_02_buy_flights_and_goto_itinerary.c(287): Registered web_reg_find successful for "Text=Flight Selections" (count=1)  	[MsgId: MMSG-26364]
uc_02_buy_flights_and_goto_itinerary.c(287): Notify: Saving Parameter "SEATPREF_count = 3".
uc_02_buy_flights_and_goto_itinerary.c(287): Notify: Saving Parameter "SEATTYPE_count = 3".
uc_02_buy_flights_and_goto_itinerary.c(287): web_url("reservations.pl") was successful, 4246 body bytes, 255 header bytes, 19 chunking overhead bytes  	[MsgId: MMSG-26385]
uc_02_buy_flights_and_goto_itinerary.c(296): Notify: Parameter Substitution: parameter "SEATPREF_count" =  "3"
uc_02_buy_flights_and_goto_itinerary.c(296): Notify: Parameter Substitution: parameter "SEATPREF_1" =  "Aisle"
uc_02_buy_flights_and_goto_itinerary.c(296): Notify: Saving Parameter "SEATPREF_RANDOM = Aisle".
uc_02_buy_flights_and_goto_itinerary.c(297): Notify: Parameter Substitution: parameter "SEATTYPE_count" =  "3"
uc_02_buy_flights_and_goto_itinerary.c(297): Notify: Parameter Substitution: parameter "SEATTYPE_2" =  "Business"
uc_02_buy_flights_and_goto_itinerary.c(297): Notify: Saving Parameter "SEATTYPE_RANDOM = Business".
uc_02_buy_flights_and_goto_itinerary.c(299): Notify: Transaction "open_flights" ended with a "Pass" status (Duration: 0.2535 Wasted Time: 0.0118).
uc_02_buy_flights_and_goto_itinerary.c(301): lr_think_time: 2.00 seconds.
uc_02_buy_flights_and_goto_itinerary.c(303): Notify: Transaction "find_flights" started.
uc_02_buy_flights_and_goto_itinerary.c(305): web_add_header("Origin") started  	[MsgId: MMSG-26355]
uc_02_buy_flights_and_goto_itinerary.c(305): Notify: Parameter Substitution: parameter "HOST" =  "localhost"
uc_02_buy_flights_and_goto_itinerary.c(305): Notify: Next row for parameter PORT = 1 [table  = PORT].
uc_02_buy_flights_and_goto_itinerary.c(305): Notify: Parameter Substitution: parameter "PORT" =  "1080"
uc_02_buy_flights_and_goto_itinerary.c(305): web_add_header("Origin") was successful  	[MsgId: MMSG-26392]
uc_02_buy_flights_and_goto_itinerary.c(308): web_add_header("Sec-Fetch-Dest") started  	[MsgId: MMSG-26355]
uc_02_buy_flights_and_goto_itinerary.c(308): web_add_header("Sec-Fetch-Dest") was successful  	[MsgId: MMSG-26392]
uc_02_buy_flights_and_goto_itinerary.c(311): web_add_header("Sec-Fetch-Mode") started  	[MsgId: MMSG-26355]
uc_02_buy_flights_and_goto_itinerary.c(311): web_add_header("Sec-Fetch-Mode") was successful  	[MsgId: MMSG-26392]
uc_02_buy_flights_and_goto_itinerary.c(314): web_add_header("Sec-Fetch-Site") started  	[MsgId: MMSG-26355]
uc_02_buy_flights_and_goto_itinerary.c(314): web_add_header("Sec-Fetch-Site") was successful  	[MsgId: MMSG-26392]
uc_02_buy_flights_and_goto_itinerary.c(317): web_add_header("Sec-Fetch-User") started  	[MsgId: MMSG-26355]
uc_02_buy_flights_and_goto_itinerary.c(317): web_add_header("Sec-Fetch-User") was successful  	[MsgId: MMSG-26392]
uc_02_buy_flights_and_goto_itinerary.c(320): web_add_header("Upgrade-Insecure-Requests") started  	[MsgId: MMSG-26355]
uc_02_buy_flights_and_goto_itinerary.c(320): web_add_header("Upgrade-Insecure-Requests") was successful  	[MsgId: MMSG-26392]
uc_02_buy_flights_and_goto_itinerary.c(323): web_add_header("sec-ch-ua") started  	[MsgId: MMSG-26355]
uc_02_buy_flights_and_goto_itinerary.c(323): web_add_header("sec-ch-ua") was successful  	[MsgId: MMSG-26392]
uc_02_buy_flights_and_goto_itinerary.c(326): web_add_header("sec-ch-ua-mobile") started  	[MsgId: MMSG-26355]
uc_02_buy_flights_and_goto_itinerary.c(326): web_add_header("sec-ch-ua-mobile") was successful  	[MsgId: MMSG-26392]
uc_02_buy_flights_and_goto_itinerary.c(329): web_add_header("sec-ch-ua-platform") started  	[MsgId: MMSG-26355]
uc_02_buy_flights_and_goto_itinerary.c(329): web_add_header("sec-ch-ua-platform") was successful  	[MsgId: MMSG-26392]
uc_02_buy_flights_and_goto_itinerary.c(332): web_reg_save_param_ex started  	[MsgId: MMSG-26355]
uc_02_buy_flights_and_goto_itinerary.c(332): Registering web_reg_save_param_ex was successful  	[MsgId: MMSG-26390]
uc_02_buy_flights_and_goto_itinerary.c(341): web_reg_save_param_ex started  	[MsgId: MMSG-26355]
uc_02_buy_flights_and_goto_itinerary.c(341): Registering web_reg_save_param_ex was successful  	[MsgId: MMSG-26390]
uc_02_buy_flights_and_goto_itinerary.c(350): web_reg_find started  	[MsgId: MMSG-26355]
uc_02_buy_flights_and_goto_itinerary.c(350): Notify: Parameter Substitution: parameter "DEPARTCITY" =  "Denver"
uc_02_buy_flights_and_goto_itinerary.c(350): Registering web_reg_find was successful  	[MsgId: MMSG-26390]
uc_02_buy_flights_and_goto_itinerary.c(355): web_reg_find started  	[MsgId: MMSG-26355]
uc_02_buy_flights_and_goto_itinerary.c(355): Notify: Parameter Substitution: parameter "ARRIVECITY" =  "Zurich"
uc_02_buy_flights_and_goto_itinerary.c(355): Registering web_reg_find was successful  	[MsgId: MMSG-26390]
uc_02_buy_flights_and_goto_itinerary.c(360): web_submit_data("reservations.pl") started  	[MsgId: MMSG-26355]
uc_02_buy_flights_and_goto_itinerary.c(360): Notify: Parameter Substitution: parameter "HOST" =  "localhost"
uc_02_buy_flights_and_goto_itinerary.c(360): Notify: Next row for parameter PORT = 1 [table  = PORT].
uc_02_buy_flights_and_goto_itinerary.c(360): Notify: Parameter Substitution: parameter "PORT" =  "1080"
uc_02_buy_flights_and_goto_itinerary.c(360): Notify: Parameter Substitution: parameter "HOST" =  "localhost"
uc_02_buy_flights_and_goto_itinerary.c(360): Notify: Next row for parameter PORT = 1 [table  = PORT].
uc_02_buy_flights_and_goto_itinerary.c(360): Notify: Parameter Substitution: parameter "PORT" =  "1080"
uc_02_buy_flights_and_goto_itinerary.c(360): Notify: Parameter Substitution: parameter "DEPARTCITY" =  "Denver"
uc_02_buy_flights_and_goto_itinerary.c(360): Notify: Parameter Substitution: parameter "DEPARTDATE" =  "12/25/2024"
uc_02_buy_flights_and_goto_itinerary.c(360): Notify: Parameter Substitution: parameter "ARRIVECITY" =  "Zurich"
uc_02_buy_flights_and_goto_itinerary.c(360): Notify: Parameter Substitution: parameter "RETURNDATE" =  "01/03/2025"
uc_02_buy_flights_and_goto_itinerary.c(360): Notify: Parameter Substitution: parameter "SEATPREF_RANDOM" =  "Aisle"
uc_02_buy_flights_and_goto_itinerary.c(360): Notify: Parameter Substitution: parameter "SEATTYPE_RANDOM" =  "Business"
uc_02_buy_flights_and_goto_itinerary.c(360): Notify: Saving Parameter "OUTBOUNDFLIGHT_1 = 090;610;12/25/2024".
uc_02_buy_flights_and_goto_itinerary.c(360): Notify: Saving Parameter "OUTBOUNDFLIGHT_2 = 091;544;12/25/2024".
uc_02_buy_flights_and_goto_itinerary.c(360): Notify: Saving Parameter "OUTBOUNDFLIGHT_3 = 092;577;12/25/2024".
uc_02_buy_flights_and_goto_itinerary.c(360): Notify: Saving Parameter "OUTBOUNDFLIGHT_4 = 093;499;12/25/2024".
uc_02_buy_flights_and_goto_itinerary.c(360): Notify: Saving Parameter "RETURNFLIGHT_1 = 900;610;01/03/2025".
uc_02_buy_flights_and_goto_itinerary.c(360): Notify: Saving Parameter "RETURNFLIGHT_2 = 901;544;01/03/2025".
uc_02_buy_flights_and_goto_itinerary.c(360): Notify: Saving Parameter "RETURNFLIGHT_3 = 902;577;01/03/2025".
uc_02_buy_flights_and_goto_itinerary.c(360): Notify: Saving Parameter "RETURNFLIGHT_4 = 903;499;01/03/2025".
uc_02_buy_flights_and_goto_itinerary.c(360): Resource "http://localhost:1080/WebTours/images/button_next.gif" is in the cache already and will not be downloaded again  	[MsgId: MMSG-26655]
uc_02_buy_flights_and_goto_itinerary.c(360): Notify: Saving Parameter "OUTBOUNDFLIGHT_count = 4".
uc_02_buy_flights_and_goto_itinerary.c(360): Notify: Saving Parameter "RETURNFLIGHT_count = 4".
uc_02_buy_flights_and_goto_itinerary.c(360): Registered web_reg_find successful for "Text=Flight departing from <B>Denver</B>" (count=1)  	[MsgId: MMSG-26364]
uc_02_buy_flights_and_goto_itinerary.c(360): Registered web_reg_find successful for "Text=to <B>Zurich</B>" (count=1)  	[MsgId: MMSG-26364]
uc_02_buy_flights_and_goto_itinerary.c(360): web_submit_data("reservations.pl") was successful, 3585 body bytes, 255 header bytes, 12 chunking overhead bytes  	[MsgId: MMSG-26385]
uc_02_buy_flights_and_goto_itinerary.c(384): Notify: Parameter Substitution: parameter "OUTBOUNDFLIGHT_count" =  "4"
uc_02_buy_flights_and_goto_itinerary.c(384): Notify: Parameter Substitution: parameter "OUTBOUNDFLIGHT_4" =  "093;499;12/25/2024"
uc_02_buy_flights_and_goto_itinerary.c(384): Notify: Saving Parameter "OUTBOUNDFLIGHT_RANDOM = 093;499;12/25/2024".
uc_02_buy_flights_and_goto_itinerary.c(385): Notify: Parameter Substitution: parameter "RETURNFLIGHT_count" =  "4"
uc_02_buy_flights_and_goto_itinerary.c(385): Notify: Parameter Substitution: parameter "RETURNFLIGHT_1" =  "900;610;01/03/2025"
uc_02_buy_flights_and_goto_itinerary.c(385): Notify: Saving Parameter "RETURNFLIGHT_RANDOM = 900;610;01/03/2025".
uc_02_buy_flights_and_goto_itinerary.c(387): Notify: Transaction "find_flights" ended with a "Pass" status (Duration: 0.0633 Wasted Time: 0.0031).
uc_02_buy_flights_and_goto_itinerary.c(389): lr_think_time: 5.00 seconds.
uc_02_buy_flights_and_goto_itinerary.c(391): Notify: Transaction "choose_flights" started.
uc_02_buy_flights_and_goto_itinerary.c(393): web_add_header("Origin") started  	[MsgId: MMSG-26355]
uc_02_buy_flights_and_goto_itinerary.c(393): Notify: Parameter Substitution: parameter "HOST" =  "localhost"
uc_02_buy_flights_and_goto_itinerary.c(393): Notify: Next row for parameter PORT = 1 [table  = PORT].
uc_02_buy_flights_and_goto_itinerary.c(393): Notify: Parameter Substitution: parameter "PORT" =  "1080"
uc_02_buy_flights_and_goto_itinerary.c(393): web_add_header("Origin") was successful  	[MsgId: MMSG-26392]
uc_02_buy_flights_and_goto_itinerary.c(396): web_add_header("Sec-Fetch-Dest") started  	[MsgId: MMSG-26355]
uc_02_buy_flights_and_goto_itinerary.c(396): web_add_header("Sec-Fetch-Dest") was successful  	[MsgId: MMSG-26392]
uc_02_buy_flights_and_goto_itinerary.c(399): web_add_header("Sec-Fetch-Mode") started  	[MsgId: MMSG-26355]
uc_02_buy_flights_and_goto_itinerary.c(399): web_add_header("Sec-Fetch-Mode") was successful  	[MsgId: MMSG-26392]
uc_02_buy_flights_and_goto_itinerary.c(402): web_add_header("Sec-Fetch-Site") started  	[MsgId: MMSG-26355]
uc_02_buy_flights_and_goto_itinerary.c(402): web_add_header("Sec-Fetch-Site") was successful  	[MsgId: MMSG-26392]
uc_02_buy_flights_and_goto_itinerary.c(405): web_add_header("Sec-Fetch-User") started  	[MsgId: MMSG-26355]
uc_02_buy_flights_and_goto_itinerary.c(405): web_add_header("Sec-Fetch-User") was successful  	[MsgId: MMSG-26392]
uc_02_buy_flights_and_goto_itinerary.c(408): web_add_header("Upgrade-Insecure-Requests") started  	[MsgId: MMSG-26355]
uc_02_buy_flights_and_goto_itinerary.c(408): web_add_header("Upgrade-Insecure-Requests") was successful  	[MsgId: MMSG-26392]
uc_02_buy_flights_and_goto_itinerary.c(411): web_add_header("sec-ch-ua") started  	[MsgId: MMSG-26355]
uc_02_buy_flights_and_goto_itinerary.c(411): web_add_header("sec-ch-ua") was successful  	[MsgId: MMSG-26392]
uc_02_buy_flights_and_goto_itinerary.c(414): web_add_header("sec-ch-ua-mobile") started  	[MsgId: MMSG-26355]
uc_02_buy_flights_and_goto_itinerary.c(414): web_add_header("sec-ch-ua-mobile") was successful  	[MsgId: MMSG-26392]
uc_02_buy_flights_and_goto_itinerary.c(417): web_add_header("sec-ch-ua-platform") started  	[MsgId: MMSG-26355]
uc_02_buy_flights_and_goto_itinerary.c(417): web_add_header("sec-ch-ua-platform") was successful  	[MsgId: MMSG-26392]
uc_02_buy_flights_and_goto_itinerary.c(421): web_reg_find started  	[MsgId: MMSG-26355]
uc_02_buy_flights_and_goto_itinerary.c(421): Registering web_reg_find was successful  	[MsgId: MMSG-26390]
uc_02_buy_flights_and_goto_itinerary.c(426): web_submit_data("reservations.pl") started  	[MsgId: MMSG-26355]
uc_02_buy_flights_and_goto_itinerary.c(426): Notify: Parameter Substitution: parameter "HOST" =  "localhost"
uc_02_buy_flights_and_goto_itinerary.c(426): Notify: Next row for parameter PORT = 1 [table  = PORT].
uc_02_buy_flights_and_goto_itinerary.c(426): Notify: Parameter Substitution: parameter "PORT" =  "1080"
uc_02_buy_flights_and_goto_itinerary.c(426): Notify: Parameter Substitution: parameter "HOST" =  "localhost"
uc_02_buy_flights_and_goto_itinerary.c(426): Notify: Next row for parameter PORT = 1 [table  = PORT].
uc_02_buy_flights_and_goto_itinerary.c(426): Notify: Parameter Substitution: parameter "PORT" =  "1080"
uc_02_buy_flights_and_goto_itinerary.c(426): Notify: Parameter Substitution: parameter "OUTBOUNDFLIGHT_RANDOM" =  "093;499;12/25/2024"
uc_02_buy_flights_and_goto_itinerary.c(426): Notify: Parameter Substitution: parameter "RETURNFLIGHT_RANDOM" =  "900;610;01/03/2025"
uc_02_buy_flights_and_goto_itinerary.c(426): Notify: Parameter Substitution: parameter "SEATTYPE_RANDOM" =  "Business"
uc_02_buy_flights_and_goto_itinerary.c(426): Notify: Parameter Substitution: parameter "SEATPREF_RANDOM" =  "Aisle"
uc_02_buy_flights_and_goto_itinerary.c(426): Resource "http://localhost:1080/WebTours/images/button_next.gif" is in the cache already and will not be downloaded again  	[MsgId: MMSG-26655]
uc_02_buy_flights_and_goto_itinerary.c(426): Registered web_reg_find successful for "Text=Payment Details" (count=1)  	[MsgId: MMSG-26364]
uc_02_buy_flights_and_goto_itinerary.c(426): web_submit_data("reservations.pl") was successful, 2765 body bytes, 255 header bytes, 12 chunking overhead bytes  	[MsgId: MMSG-26385]
uc_02_buy_flights_and_goto_itinerary.c(444): Notify: Transaction "choose_flights" ended with a "Pass" status (Duration: 0.0564 Wasted Time: 0.0026).
uc_02_buy_flights_and_goto_itinerary.c(446): lr_think_time: 2.00 seconds.
uc_02_buy_flights_and_goto_itinerary.c(448): Notify: Transaction "buy_flights" started.
uc_02_buy_flights_and_goto_itinerary.c(450): web_add_header("Origin") started  	[MsgId: MMSG-26355]
uc_02_buy_flights_and_goto_itinerary.c(450): Notify: Parameter Substitution: parameter "HOST" =  "localhost"
uc_02_buy_flights_and_goto_itinerary.c(450): Notify: Next row for parameter PORT = 1 [table  = PORT].
uc_02_buy_flights_and_goto_itinerary.c(450): Notify: Parameter Substitution: parameter "PORT" =  "1080"
uc_02_buy_flights_and_goto_itinerary.c(450): web_add_header("Origin") was successful  	[MsgId: MMSG-26392]
uc_02_buy_flights_and_goto_itinerary.c(453): web_add_header("Sec-Fetch-Dest") started  	[MsgId: MMSG-26355]
uc_02_buy_flights_and_goto_itinerary.c(453): web_add_header("Sec-Fetch-Dest") was successful  	[MsgId: MMSG-26392]
uc_02_buy_flights_and_goto_itinerary.c(456): web_add_header("Sec-Fetch-Mode") started  	[MsgId: MMSG-26355]
uc_02_buy_flights_and_goto_itinerary.c(456): web_add_header("Sec-Fetch-Mode") was successful  	[MsgId: MMSG-26392]
uc_02_buy_flights_and_goto_itinerary.c(459): web_add_header("Sec-Fetch-Site") started  	[MsgId: MMSG-26355]
uc_02_buy_flights_and_goto_itinerary.c(459): web_add_header("Sec-Fetch-Site") was successful  	[MsgId: MMSG-26392]
uc_02_buy_flights_and_goto_itinerary.c(462): web_add_header("Sec-Fetch-User") started  	[MsgId: MMSG-26355]
uc_02_buy_flights_and_goto_itinerary.c(462): web_add_header("Sec-Fetch-User") was successful  	[MsgId: MMSG-26392]
uc_02_buy_flights_and_goto_itinerary.c(465): web_add_header("Upgrade-Insecure-Requests") started  	[MsgId: MMSG-26355]
uc_02_buy_flights_and_goto_itinerary.c(465): web_add_header("Upgrade-Insecure-Requests") was successful  	[MsgId: MMSG-26392]
uc_02_buy_flights_and_goto_itinerary.c(468): web_add_header("sec-ch-ua") started  	[MsgId: MMSG-26355]
uc_02_buy_flights_and_goto_itinerary.c(468): web_add_header("sec-ch-ua") was successful  	[MsgId: MMSG-26392]
uc_02_buy_flights_and_goto_itinerary.c(471): web_add_header("sec-ch-ua-mobile") started  	[MsgId: MMSG-26355]
uc_02_buy_flights_and_goto_itinerary.c(471): web_add_header("sec-ch-ua-mobile") was successful  	[MsgId: MMSG-26392]
uc_02_buy_flights_and_goto_itinerary.c(474): web_add_header("sec-ch-ua-platform") started  	[MsgId: MMSG-26355]
uc_02_buy_flights_and_goto_itinerary.c(474): web_add_header("sec-ch-ua-platform") was successful  	[MsgId: MMSG-26392]
uc_02_buy_flights_and_goto_itinerary.c(477): web_reg_find started  	[MsgId: MMSG-26355]
uc_02_buy_flights_and_goto_itinerary.c(477): Registering web_reg_find was successful  	[MsgId: MMSG-26390]
uc_02_buy_flights_and_goto_itinerary.c(482): web_submit_data("reservations.pl") started  	[MsgId: MMSG-26355]
uc_02_buy_flights_and_goto_itinerary.c(482): Notify: Parameter Substitution: parameter "HOST" =  "localhost"
uc_02_buy_flights_and_goto_itinerary.c(482): Notify: Next row for parameter PORT = 1 [table  = PORT].
uc_02_buy_flights_and_goto_itinerary.c(482): Notify: Parameter Substitution: parameter "PORT" =  "1080"
uc_02_buy_flights_and_goto_itinerary.c(482): Notify: Parameter Substitution: parameter "HOST" =  "localhost"
uc_02_buy_flights_and_goto_itinerary.c(482): Notify: Next row for parameter PORT = 1 [table  = PORT].
uc_02_buy_flights_and_goto_itinerary.c(482): Notify: Parameter Substitution: parameter "PORT" =  "1080"
uc_02_buy_flights_and_goto_itinerary.c(482): Notify: Next row for parameter FIRSTNAME = 1 [table  = FIRSTNAME].
uc_02_buy_flights_and_goto_itinerary.c(482): Notify: Parameter Substitution: parameter "FIRSTNAME" =  "Daniel"
uc_02_buy_flights_and_goto_itinerary.c(482): Notify: Next row for parameter LASTNAME = 1 [table  = LASTNAME].
uc_02_buy_flights_and_goto_itinerary.c(482): Notify: Parameter Substitution: parameter "LASTNAME" =  "Wilson"
uc_02_buy_flights_and_goto_itinerary.c(482): Notify: Next row for parameter ADDRESS1 = 1 [table  = ADDRESS1].
uc_02_buy_flights_and_goto_itinerary.c(482): Notify: Parameter Substitution: parameter "ADDRESS1" =  "303Birch"
uc_02_buy_flights_and_goto_itinerary.c(482): Notify: Next row for parameter ADDRESS2 = 1 [table  = ADDRESS2].
uc_02_buy_flights_and_goto_itinerary.c(482): Notify: Parameter Substitution: parameter "ADDRESS2" =  "Philadelphia"
uc_02_buy_flights_and_goto_itinerary.c(482): Notify: Next row for parameter FULLNAME = 1 [table  = FULLNAME].
uc_02_buy_flights_and_goto_itinerary.c(482): Notify: Parameter Substitution: parameter "FULLNAME" =  "DanielWilson"
uc_02_buy_flights_and_goto_itinerary.c(482): Notify: Next row for parameter CREDITCARD = 1 [table  = CREDITCARD].
uc_02_buy_flights_and_goto_itinerary.c(482): Notify: Parameter Substitution: parameter "CREDITCARD" =  "987654"
uc_02_buy_flights_and_goto_itinerary.c(482): Notify: Next row for parameter EXPDATE = 1 [table  = EXPDATE].
uc_02_buy_flights_and_goto_itinerary.c(482): Notify: Parameter Substitution: parameter "EXPDATE" =  "07/25"
uc_02_buy_flights_and_goto_itinerary.c(482): Notify: Parameter Substitution: parameter "SEATTYPE_RANDOM" =  "Business"
uc_02_buy_flights_and_goto_itinerary.c(482): Notify: Parameter Substitution: parameter "SEATPREF_RANDOM" =  "Aisle"
uc_02_buy_flights_and_goto_itinerary.c(482): Notify: Parameter Substitution: parameter "OUTBOUNDFLIGHT_RANDOM" =  "093;499;12/25/2024"
uc_02_buy_flights_and_goto_itinerary.c(482): Notify: Parameter Substitution: parameter "RETURNFLIGHT_RANDOM" =  "900;610;01/03/2025"
uc_02_buy_flights_and_goto_itinerary.c(482): Found resource "http://localhost:1080/WebTours/images/bookanother.gif" in HTML "http://localhost:1080/cgi-bin/reservations.pl"  	[MsgId: MMSG-26659]
uc_02_buy_flights_and_goto_itinerary.c(482): Registered web_reg_find successful for "Text=Thank you for booking through Web Tours" (count=1)  	[MsgId: MMSG-26364]
uc_02_buy_flights_and_goto_itinerary.c(482): web_submit_data("reservations.pl") was successful, 3361 body bytes, 687 header bytes, 12 chunking overhead bytes  	[MsgId: MMSG-26385]
uc_02_buy_flights_and_goto_itinerary.c(511): Notify: Transaction "buy_flights" ended with a "Pass" status (Duration: 0.0643 Wasted Time: 0.0030).
uc_02_buy_flights_and_goto_itinerary.c(513): lr_think_time: 5.00 seconds.
uc_02_buy_flights_and_goto_itinerary.c(515): Notify: Transaction "open_itinerary" started.
uc_02_buy_flights_and_goto_itinerary.c(517): web_add_auto_header("Sec-Fetch-Dest") started  	[MsgId: MMSG-26355]
uc_02_buy_flights_and_goto_itinerary.c(517): web_add_auto_header("Sec-Fetch-Dest") was successful  	[MsgId: MMSG-26392]
uc_02_buy_flights_and_goto_itinerary.c(520): web_add_auto_header("Sec-Fetch-Mode") started  	[MsgId: MMSG-26355]
uc_02_buy_flights_and_goto_itinerary.c(520): web_add_auto_header("Sec-Fetch-Mode") was successful  	[MsgId: MMSG-26392]
uc_02_buy_flights_and_goto_itinerary.c(523): web_add_auto_header("Sec-Fetch-Site") started  	[MsgId: MMSG-26355]
uc_02_buy_flights_and_goto_itinerary.c(523): web_add_auto_header("Sec-Fetch-Site") was successful  	[MsgId: MMSG-26392]
uc_02_buy_flights_and_goto_itinerary.c(526): web_add_header("Sec-Fetch-User") started  	[MsgId: MMSG-26355]
uc_02_buy_flights_and_goto_itinerary.c(526): web_add_header("Sec-Fetch-User") was successful  	[MsgId: MMSG-26392]
uc_02_buy_flights_and_goto_itinerary.c(529): web_add_auto_header("Upgrade-Insecure-Requests") started  	[MsgId: MMSG-26355]
uc_02_buy_flights_and_goto_itinerary.c(529): web_add_auto_header("Upgrade-Insecure-Requests") was successful  	[MsgId: MMSG-26392]
uc_02_buy_flights_and_goto_itinerary.c(532): web_add_auto_header("sec-ch-ua") started  	[MsgId: MMSG-26355]
uc_02_buy_flights_and_goto_itinerary.c(532): web_add_auto_header("sec-ch-ua") was successful  	[MsgId: MMSG-26392]
uc_02_buy_flights_and_goto_itinerary.c(535): web_add_auto_header("sec-ch-ua-mobile") started  	[MsgId: MMSG-26355]
uc_02_buy_flights_and_goto_itinerary.c(535): web_add_auto_header("sec-ch-ua-mobile") was successful  	[MsgId: MMSG-26392]
uc_02_buy_flights_and_goto_itinerary.c(538): web_add_auto_header("sec-ch-ua-platform") started  	[MsgId: MMSG-26355]
uc_02_buy_flights_and_goto_itinerary.c(538): web_add_auto_header("sec-ch-ua-platform") was successful  	[MsgId: MMSG-26392]
uc_02_buy_flights_and_goto_itinerary.c(541): web_reg_find started  	[MsgId: MMSG-26355]
uc_02_buy_flights_and_goto_itinerary.c(541): Registering web_reg_find was successful  	[MsgId: MMSG-26390]
uc_02_buy_flights_and_goto_itinerary.c(546): web_url("welcome.pl") started  	[MsgId: MMSG-26355]
uc_02_buy_flights_and_goto_itinerary.c(546): Notify: Parameter Substitution: parameter "HOST" =  "localhost"
uc_02_buy_flights_and_goto_itinerary.c(546): Notify: Next row for parameter PORT = 1 [table  = PORT].
uc_02_buy_flights_and_goto_itinerary.c(546): Notify: Parameter Substitution: parameter "PORT" =  "1080"
uc_02_buy_flights_and_goto_itinerary.c(546): Notify: Parameter Substitution: parameter "HOST" =  "localhost"
uc_02_buy_flights_and_goto_itinerary.c(546): Notify: Next row for parameter PORT = 1 [table  = PORT].
uc_02_buy_flights_and_goto_itinerary.c(546): Notify: Parameter Substitution: parameter "PORT" =  "1080"
uc_02_buy_flights_and_goto_itinerary.c(546): Detected non-resource "http://localhost:1080/cgi-bin/nav.pl?page=menu&in=itinerary" in "http://localhost:1080/cgi-bin/welcome.pl?page=itinerary"  	[MsgId: MMSG-26574]
uc_02_buy_flights_and_goto_itinerary.c(546): Detected non-resource "http://localhost:1080/cgi-bin/itinerary.pl" in "http://localhost:1080/cgi-bin/welcome.pl?page=itinerary"  	[MsgId: MMSG-26574]
uc_02_buy_flights_and_goto_itinerary.c(546): Found resource "http://localhost:1080/WebTours/images/cancelreservation.gif" in HTML "http://localhost:1080/cgi-bin/itinerary.pl"  	[MsgId: MMSG-26659]
uc_02_buy_flights_and_goto_itinerary.c(546): Found resource "http://localhost:1080/WebTours/images/cancelallreservations.gif" in HTML "http://localhost:1080/cgi-bin/itinerary.pl"  	[MsgId: MMSG-26659]
uc_02_buy_flights_and_goto_itinerary.c(546): Resource "http://localhost:1080/WebTours/images/flights.gif" is in the cache already and will not be downloaded again  	[MsgId: MMSG-26655]
uc_02_buy_flights_and_goto_itinerary.c(546): Found resource "http://localhost:1080/WebTours/images/in_itinerary.gif" in HTML "http://localhost:1080/cgi-bin/nav.pl?page=menu&in=itinerary"  	[MsgId: MMSG-26659]
uc_02_buy_flights_and_goto_itinerary.c(546): Resource "http://localhost:1080/WebTours/images/home.gif" is in the cache already and will not be downloaded again  	[MsgId: MMSG-26655]
uc_02_buy_flights_and_goto_itinerary.c(546): Resource "http://localhost:1080/WebTours/images/signoff.gif" is in the cache already and will not be downloaded again  	[MsgId: MMSG-26655]
uc_02_buy_flights_and_goto_itinerary.c(546): Registered web_reg_find successful for "Text=Web Tours" (count=2)  	[MsgId: MMSG-26364]
uc_02_buy_flights_and_goto_itinerary.c(546): web_url("welcome.pl") was successful, 7090 body bytes, 1620 header bytes, 36 chunking overhead bytes  	[MsgId: MMSG-26385]
uc_02_buy_flights_and_goto_itinerary.c(555): web_reg_find started  	[MsgId: MMSG-26355]
uc_02_buy_flights_and_goto_itinerary.c(555): Registering web_reg_find was successful  	[MsgId: MMSG-26390]
uc_02_buy_flights_and_goto_itinerary.c(560): web_url("nav.pl") started  	[MsgId: MMSG-26355]
uc_02_buy_flights_and_goto_itinerary.c(560): Notify: Parameter Substitution: parameter "HOST" =  "localhost"
uc_02_buy_flights_and_goto_itinerary.c(560): Notify: Next row for parameter PORT = 1 [table  = PORT].
uc_02_buy_flights_and_goto_itinerary.c(560): Notify: Parameter Substitution: parameter "PORT" =  "1080"
uc_02_buy_flights_and_goto_itinerary.c(560): Notify: Parameter Substitution: parameter "HOST" =  "localhost"
uc_02_buy_flights_and_goto_itinerary.c(560): Notify: Next row for parameter PORT = 1 [table  = PORT].
uc_02_buy_flights_and_goto_itinerary.c(560): Notify: Parameter Substitution: parameter "PORT" =  "1080"
uc_02_buy_flights_and_goto_itinerary.c(560): Resource "http://localhost:1080/WebTours/images/flights.gif" is in the cache already and will not be downloaded again  	[MsgId: MMSG-26655]
uc_02_buy_flights_and_goto_itinerary.c(560): Resource "http://localhost:1080/WebTours/images/in_itinerary.gif" is in the cache already and will not be downloaded again  	[MsgId: MMSG-26655]
uc_02_buy_flights_and_goto_itinerary.c(560): Resource "http://localhost:1080/WebTours/images/home.gif" is in the cache already and will not be downloaded again  	[MsgId: MMSG-26655]
uc_02_buy_flights_and_goto_itinerary.c(560): Resource "http://localhost:1080/WebTours/images/signoff.gif" is in the cache already and will not be downloaded again  	[MsgId: MMSG-26655]
uc_02_buy_flights_and_goto_itinerary.c(560): Registered web_reg_find successful for "Text=Web Tours Navigation Bar" (count=1)  	[MsgId: MMSG-26364]
uc_02_buy_flights_and_goto_itinerary.c(560): web_url("nav.pl") was successful, 1482 body bytes, 255 header bytes, 12 chunking overhead bytes  	[MsgId: MMSG-26385]
uc_02_buy_flights_and_goto_itinerary.c(569): web_reg_save_param_ex started  	[MsgId: MMSG-26355]
uc_02_buy_flights_and_goto_itinerary.c(569): Registering web_reg_save_param_ex was successful  	[MsgId: MMSG-26390]
uc_02_buy_flights_and_goto_itinerary.c(579): web_reg_find started  	[MsgId: MMSG-26355]
uc_02_buy_flights_and_goto_itinerary.c(579): Registering web_reg_find was successful  	[MsgId: MMSG-26390]
uc_02_buy_flights_and_goto_itinerary.c(584): web_url("itinerary.pl") started  	[MsgId: MMSG-26355]
uc_02_buy_flights_and_goto_itinerary.c(584): Notify: Parameter Substitution: parameter "HOST" =  "localhost"
uc_02_buy_flights_and_goto_itinerary.c(584): Notify: Next row for parameter PORT = 1 [table  = PORT].
uc_02_buy_flights_and_goto_itinerary.c(584): Notify: Parameter Substitution: parameter "PORT" =  "1080"
uc_02_buy_flights_and_goto_itinerary.c(584): Notify: Parameter Substitution: parameter "HOST" =  "localhost"
uc_02_buy_flights_and_goto_itinerary.c(584): Notify: Next row for parameter PORT = 1 [table  = PORT].
uc_02_buy_flights_and_goto_itinerary.c(584): Notify: Parameter Substitution: parameter "PORT" =  "1080"
uc_02_buy_flights_and_goto_itinerary.c(584): Notify: Saving Parameter "FLIGHTID_1 = 283484944-1461623-DW".
uc_02_buy_flights_and_goto_itinerary.c(584): Resource "http://localhost:1080/WebTours/images/cancelreservation.gif" is in the cache already and will not be downloaded again  	[MsgId: MMSG-26655]
uc_02_buy_flights_and_goto_itinerary.c(584): Resource "http://localhost:1080/WebTours/images/cancelallreservations.gif" is in the cache already and will not be downloaded again  	[MsgId: MMSG-26655]
uc_02_buy_flights_and_goto_itinerary.c(584): Notify: Saving Parameter "FLIGHTID_count = 1".
uc_02_buy_flights_and_goto_itinerary.c(584): Registered web_reg_find successful for "Text=Flights List" (count=1)  	[MsgId: MMSG-26364]
uc_02_buy_flights_and_goto_itinerary.c(584): web_url("itinerary.pl") was successful, 2711 body bytes, 255 header bytes, 12 chunking overhead bytes  	[MsgId: MMSG-26385]
uc_02_buy_flights_and_goto_itinerary.c(593): Notify: Transaction "open_itinerary" ended with a "Pass" status (Duration: 0.2428 Wasted Time: 0.0111).
uc_02_buy_flights_and_goto_itinerary.c(595): lr_think_time: 2.00 seconds.
uc_02_buy_flights_and_goto_itinerary.c(597): Notify: Transaction "logout" started.
uc_02_buy_flights_and_goto_itinerary.c(599): web_add_auto_header("Sec-Fetch-Dest") started  	[MsgId: MMSG-26355]
uc_02_buy_flights_and_goto_itinerary.c(599): web_add_auto_header("Sec-Fetch-Dest") was successful  	[MsgId: MMSG-26392]
uc_02_buy_flights_and_goto_itinerary.c(602): web_add_auto_header("Sec-Fetch-Mode") started  	[MsgId: MMSG-26355]
uc_02_buy_flights_and_goto_itinerary.c(602): web_add_auto_header("Sec-Fetch-Mode") was successful  	[MsgId: MMSG-26392]
uc_02_buy_flights_and_goto_itinerary.c(605): web_add_auto_header("Sec-Fetch-Site") started  	[MsgId: MMSG-26355]
uc_02_buy_flights_and_goto_itinerary.c(605): web_add_auto_header("Sec-Fetch-Site") was successful  	[MsgId: MMSG-26392]
uc_02_buy_flights_and_goto_itinerary.c(608): web_add_header("Sec-Fetch-User") started  	[MsgId: MMSG-26355]
uc_02_buy_flights_and_goto_itinerary.c(608): web_add_header("Sec-Fetch-User") was successful  	[MsgId: MMSG-26392]
uc_02_buy_flights_and_goto_itinerary.c(611): web_add_auto_header("Upgrade-Insecure-Requests") started  	[MsgId: MMSG-26355]
uc_02_buy_flights_and_goto_itinerary.c(611): web_add_auto_header("Upgrade-Insecure-Requests") was successful  	[MsgId: MMSG-26392]
uc_02_buy_flights_and_goto_itinerary.c(614): web_add_auto_header("sec-ch-ua") started  	[MsgId: MMSG-26355]
uc_02_buy_flights_and_goto_itinerary.c(614): web_add_auto_header("sec-ch-ua") was successful  	[MsgId: MMSG-26392]
uc_02_buy_flights_and_goto_itinerary.c(617): web_add_auto_header("sec-ch-ua-mobile") started  	[MsgId: MMSG-26355]
uc_02_buy_flights_and_goto_itinerary.c(617): web_add_auto_header("sec-ch-ua-mobile") was successful  	[MsgId: MMSG-26392]
uc_02_buy_flights_and_goto_itinerary.c(620): web_add_auto_header("sec-ch-ua-platform") started  	[MsgId: MMSG-26355]
uc_02_buy_flights_and_goto_itinerary.c(620): web_add_auto_header("sec-ch-ua-platform") was successful  	[MsgId: MMSG-26392]
uc_02_buy_flights_and_goto_itinerary.c(623): web_reg_find started  	[MsgId: MMSG-26355]
uc_02_buy_flights_and_goto_itinerary.c(623): Registering web_reg_find was successful  	[MsgId: MMSG-26390]
uc_02_buy_flights_and_goto_itinerary.c(628): web_url("welcome.pl") started  	[MsgId: MMSG-26355]
uc_02_buy_flights_and_goto_itinerary.c(628): Notify: Parameter Substitution: parameter "HOST" =  "localhost"
uc_02_buy_flights_and_goto_itinerary.c(628): Notify: Next row for parameter PORT = 1 [table  = PORT].
uc_02_buy_flights_and_goto_itinerary.c(628): Notify: Parameter Substitution: parameter "PORT" =  "1080"
uc_02_buy_flights_and_goto_itinerary.c(628): Notify: Parameter Substitution: parameter "HOST" =  "localhost"
uc_02_buy_flights_and_goto_itinerary.c(628): Notify: Next row for parameter PORT = 1 [table  = PORT].
uc_02_buy_flights_and_goto_itinerary.c(628): Notify: Parameter Substitution: parameter "PORT" =  "1080"
uc_02_buy_flights_and_goto_itinerary.c(628): Detected non-resource "http://localhost:1080/cgi-bin/nav.pl?in=home" in "http://localhost:1080/cgi-bin/welcome.pl?signOff=1"  	[MsgId: MMSG-26574]
uc_02_buy_flights_and_goto_itinerary.c(628): Detected non-resource "http://localhost:1080/WebTours/home.html" in "http://localhost:1080/cgi-bin/welcome.pl?signOff=1"  	[MsgId: MMSG-26574]
uc_02_buy_flights_and_goto_itinerary.c(628): Retrieving data from cache for "http://localhost:1080/WebTours/home.html"  	[MsgId: MMSG-26558]
uc_02_buy_flights_and_goto_itinerary.c(628): Resource "http://localhost:1080/WebTours/images/mer_login.gif" is in the cache already and will not be downloaded again  	[MsgId: MMSG-26655]
uc_02_buy_flights_and_goto_itinerary.c(628): Registered web_reg_find successful for "Text=Web Tours" (count=5)  	[MsgId: MMSG-26364]
uc_02_buy_flights_and_goto_itinerary.c(628): web_url("welcome.pl") was successful, 2176 body bytes, 582 header bytes, 24 chunking overhead bytes  	[MsgId: MMSG-26385]
uc_02_buy_flights_and_goto_itinerary.c(637): web_reg_find started  	[MsgId: MMSG-26355]
uc_02_buy_flights_and_goto_itinerary.c(637): Registering web_reg_find was successful  	[MsgId: MMSG-26390]
uc_02_buy_flights_and_goto_itinerary.c(642): web_url("nav.pl") started  	[MsgId: MMSG-26355]
uc_02_buy_flights_and_goto_itinerary.c(642): Notify: Parameter Substitution: parameter "HOST" =  "localhost"
uc_02_buy_flights_and_goto_itinerary.c(642): Notify: Next row for parameter PORT = 1 [table  = PORT].
uc_02_buy_flights_and_goto_itinerary.c(642): Notify: Parameter Substitution: parameter "PORT" =  "1080"
uc_02_buy_flights_and_goto_itinerary.c(642): Notify: Parameter Substitution: parameter "HOST" =  "localhost"
uc_02_buy_flights_and_goto_itinerary.c(642): Notify: Next row for parameter PORT = 1 [table  = PORT].
uc_02_buy_flights_and_goto_itinerary.c(642): Notify: Parameter Substitution: parameter "PORT" =  "1080"
uc_02_buy_flights_and_goto_itinerary.c(642): Resource "http://localhost:1080/WebTours/images/mer_login.gif" is in the cache already and will not be downloaded again  	[MsgId: MMSG-26655]
uc_02_buy_flights_and_goto_itinerary.c(642): Registered web_reg_find successful for "Text=Web Tours Navigation Bar" (count=1)  	[MsgId: MMSG-26364]
uc_02_buy_flights_and_goto_itinerary.c(642): web_url("nav.pl") was successful, 1490 body bytes, 255 header bytes, 12 chunking overhead bytes  	[MsgId: MMSG-26385]
uc_02_buy_flights_and_goto_itinerary.c(651): web_remove_auto_header("Sec-Fetch-Dest") started  	[MsgId: MMSG-26355]
uc_02_buy_flights_and_goto_itinerary.c(651): Previous automatically added web header for "Sec-Fetch-Dest" removed  	[MsgId: MMSG-26587]
uc_02_buy_flights_and_goto_itinerary.c(651): web_remove/revert_auto_header("Sec-Fetch-Dest") was successful  	[MsgId: MMSG-26392]
uc_02_buy_flights_and_goto_itinerary.c(653): web_remove_auto_header("Sec-Fetch-Mode") started  	[MsgId: MMSG-26355]
uc_02_buy_flights_and_goto_itinerary.c(653): Previous automatically added web header for "Sec-Fetch-Mode" removed  	[MsgId: MMSG-26587]
uc_02_buy_flights_and_goto_itinerary.c(653): web_remove/revert_auto_header("Sec-Fetch-Mode") was successful  	[MsgId: MMSG-26392]
uc_02_buy_flights_and_goto_itinerary.c(655): web_remove_auto_header("Sec-Fetch-Site") started  	[MsgId: MMSG-26355]
uc_02_buy_flights_and_goto_itinerary.c(655): Previous automatically added web header for "Sec-Fetch-Site" removed  	[MsgId: MMSG-26587]
uc_02_buy_flights_and_goto_itinerary.c(655): web_remove/revert_auto_header("Sec-Fetch-Site") was successful  	[MsgId: MMSG-26392]
uc_02_buy_flights_and_goto_itinerary.c(657): web_reg_find started  	[MsgId: MMSG-26355]
uc_02_buy_flights_and_goto_itinerary.c(657): Registering web_reg_find was successful  	[MsgId: MMSG-26390]
uc_02_buy_flights_and_goto_itinerary.c(662): web_url("home.html") started  	[MsgId: MMSG-26355]
uc_02_buy_flights_and_goto_itinerary.c(662): Notify: Parameter Substitution: parameter "HOST" =  "localhost"
uc_02_buy_flights_and_goto_itinerary.c(662): Notify: Next row for parameter PORT = 1 [table  = PORT].
uc_02_buy_flights_and_goto_itinerary.c(662): Notify: Parameter Substitution: parameter "PORT" =  "1080"
uc_02_buy_flights_and_goto_itinerary.c(662): Notify: Parameter Substitution: parameter "HOST" =  "localhost"
uc_02_buy_flights_and_goto_itinerary.c(662): Notify: Next row for parameter PORT = 1 [table  = PORT].
uc_02_buy_flights_and_goto_itinerary.c(662): Notify: Parameter Substitution: parameter "PORT" =  "1080"
uc_02_buy_flights_and_goto_itinerary.c(662): Retrieving data from cache for "http://localhost:1080/WebTours/home.html"  	[MsgId: MMSG-26558]
uc_02_buy_flights_and_goto_itinerary.c(662): Registered web_reg_find successful for "Text=Web Tours" (count=3)  	[MsgId: MMSG-26364]
uc_02_buy_flights_and_goto_itinerary.c(662): web_url("home.html") was successful, 0 body bytes, 0 header bytes  	[MsgId: MMSG-26386]
uc_02_buy_flights_and_goto_itinerary.c(671): Notify: Transaction "logout" ended with a "Pass" status (Duration: 0.1445 Wasted Time: 0.0076).
uc_02_buy_flights_and_goto_itinerary.c(673): lr_think_time: 2.00 seconds.
uc_02_buy_flights_and_goto_itinerary.c(675): Notify: Transaction "uc_02_buy_flights_and_goto_itinerary" ended with a "Pass" status (Duration: 23.3178 Think Time: 22.0093 Wasted Time: 0.1138).
Ending action uc_02_buy_flights_and_goto_itinerary.
Ending iteration 1.
Ending Vuser...
Starting action vuser_end.
Ending action vuser_end.
Vuser Terminated.
Vuser 0 (thread 6212), ended OK."
